[261110 11:57:01] Browse page (GET /admin/)
[261110 11:57:30] Browse page (GET /admin/)
[261110 11:57:34] Browse page (GET /admin/)
[261110 11:57:38] Browse page (GET /admin/)
[261110 11:58:23] Browse page (GET /admin/?event=logout)
[261110 11:58:23] Logout done (GET /admin/?event=logout)
[261110 11:58:29] Browse page (GET /admin/)
[261110 12:00:29] Browse page (GET /admin/)
[261110 12:00:30] Browse page (GET /admin/)
[261110 12:00:31] Browse page (GET /admin/)
[261110 12:00:31] Browse page (GET /admin/)
[261110 12:00:31] Browse page (GET /admin/)
[261110 12:00:35] Browse page (GET /admin/?event=logout)
[261110 12:00:35] Logout done (GET /admin/?event=logout)
[261110 12:00:40] Browse page (GET /admin/)
[261110 12:00:55] Browse page (GET /admin/)
[261110 12:00:55] Browse page (GET /admin/)
[261110 12:00:56] Browse page (GET /admin/)
[261110 12:01:17] Browse page (GET /admin/)
[261110 12:01:20] Browse page (GET /admin/)
[261110 12:01:20] Browse page (GET /admin/)
[261110 12:01:52] Browse page (GET /admin/?event=logout)
[261110 12:01:52] Logout done (GET /admin/?event=logout)
[261110 12:04:18] Browse page (GET /admin/)
[261110 12:04:41] Browse page (GET /admin/logging.php)
[261110 12:04:48] Browse page (GET /admin/admins.php)
[261110 12:08:58] Browse page (GET /admin/admins.php)
[261110 12:09:00] Browse page (GET /admin/)
[261110 12:09:06] Browse page (GET /admin/logging.php)
[261110 12:09:10] Browse page (GET /admin/admins.php)
[261110 12:09:10] Browse page (GET /admin/)
[261110 12:09:14] Browse page (GET /admin/?event=logout)
[261110 12:09:14] Logout done (GET /admin/?event=logout)
[261110 12:37:24] Browse page (GET /admin/)
[261110 12:37:30] Browse page (GET /admin/pages.php)
[261110 12:37:33] Browse page (GET /admin/news.php)
[261110 12:37:41] Browse page (GET /admin/menu.php)
[261110 12:37:41] Browse page (GET /admin/)
[261110 12:38:13] Browse page (GET /admin/pages.php)
[261110 12:38:14] Browse page (GET /admin/news.php)
[261110 12:38:16] Browse page (GET /admin/special_offers.php)
[261110 12:38:18] Browse page (GET /admin/countries_catalog.php)
[261110 12:38:20] Browse page (GET /admin/pages.php)
[261110 12:38:22] Browse page (GET /admin/pages.edit.php?intPageID=15)
[261110 12:38:22] Browse page (GET /admin/)
[261110 12:42:03] Browse page (GET /admin/)
[261110 12:42:03] Browse page (GET /admin/)
[261110 12:42:03] Browse page (GET /admin/)
[261110 12:42:03] Browse page (GET /admin/)
[261110 12:42:03] Browse page (GET /admin/)
[261110 12:42:03] Browse page (GET /admin/)
[261110 12:42:03] Browse page (GET /admin/)
[261110 12:42:03] Browse page (GET /admin/)
[261110 12:42:03] Browse page (GET /admin/)
[261110 12:42:03] Browse page (GET /admin/)
[261110 12:42:03] Browse page (GET /admin/)
[261110 12:42:03] Browse page (GET /admin/)
[261110 12:42:06] Browse page (GET /admin/)
[261110 12:42:06] Browse page (GET /admin/)
[261110 12:42:06] Browse page (GET /admin/)
[261110 12:42:06] Browse page (GET /admin/)
[261110 12:42:06] Browse page (GET /admin/)
[261110 12:42:06] Browse page (GET /admin/)
[261110 12:42:06] Browse page (GET /admin/)
[261110 12:42:06] Browse page (GET /admin/)
[261110 12:42:06] Browse page (GET /admin/)
[261110 12:42:16] Browse page (GET /admin/)
[261110 12:43:17] Browse page (GET /admin/)
[261110 12:43:23] Browse page (GET /admin/news.php)
[261110 12:43:24] Browse page (GET /admin/pages.php)
[261110 12:43:26] Browse page (GET /admin/pages.edit.php?intPageID=15)
[261110 12:43:30] Browse page (GET /admin/news.php)
[261110 12:43:31] Browse page (GET /admin/news.edit.php?intNewsID=2)
[261110 12:43:31] Browse page (GET /admin/)
[261110 12:43:34] Browse page (GET /admin/news.php)
[261110 12:43:36] Browse page (GET /admin/news.edit.php?intNewsID=2)
[261110 12:43:37] Browse page (GET /admin/)
[261110 12:44:06] Browse page (GET /admin/)
[261110 12:44:08] Browse page (GET /admin/news.php)
[261110 12:44:12] Browse page (GET /admin/news.edit.php?intNewsID=2)
[261110 12:45:05] Browse page (GET /admin/news.php)
[261110 12:45:13] Browse page (GET /admin/news.edit.php?intNewsID=2)
[261110 12:45:26] Browse page (GET /admin/special_offers.php)
[261110 12:45:28] Browse page (GET /admin/special_offers.edit.php?intSpecOffID=1)
[261110 12:46:47] Browse page (GET /admin/special_offers.edit.php?intSpecOffID=1)
[261110 12:47:28] Browse page (GET /admin/special_offers.edit.php?intSpecOffID=1)
[261110 12:47:51] Browse page (GET /admin/special_offers.edit.php?intSpecOffID=1)
[261110 12:47:54] Browse page (GET /admin/news.php)
[261110 12:47:55] Browse page (GET /admin/news.edit.php?intNewsID=5)
[261110 12:47:57] Browse page (GET /admin/pages.php)
[261110 12:47:59] Browse page (GET /admin/pages.edit.php?intPageID=15)
[261110 12:48:01] Browse page (GET /admin/countries_catalog.php)
[261110 12:48:02] Browse page (GET /admin/countries_catalog.edit.php?intCountryID=5)
[261110 12:48:04] Browse page (GET /admin/hotels_catalog.php)
[261110 12:48:06] Browse page (GET /admin/hotels_catalog.edit.php?intHotelID=1)
[261110 12:48:16] Browse page (GET /admin/promotionstypes.php)
[261110 12:48:17] Browse page (GET /admin/promotionstypes.edit.php?intPromotionTypeID=5)
[261110 12:48:19] Browse page (GET /admin/banners_right.php)
[261110 12:48:21] Browse page (GET /admin/banners_right.edit.php?intBannerRightID=2)
[261110 12:48:26] Browse page (GET /admin/comments.php)
[261110 12:48:28] Browse page (GET /admin/comments.edit.php?intCommentID=5)
[261110 12:48:30] Browse page (GET /admin/preferences.php)
[261110 12:48:32] Browse page (GET /admin/users.php)
[261110 12:48:33] Browse page (GET /admin/users.edit.php?intUserID=4)
[261110 12:48:35] Browse page (GET /admin/pages.php)
[261110 12:48:46] Browse page (GET /admin/?event=logout)
[261110 12:48:46] Logout done (GET /admin/?event=logout)
[261110 12:55:54] Browse page (GET /admin/)
[261110 12:56:00] Browse page (GET /admin/admins.php)
[261110 12:56:00] Browse page (GET /admin/)
[261110 12:56:02] Browse page (GET /admin/?event=logout)
[261110 12:56:02] Logout done (GET /admin/?event=logout)
[261110 13:08:30] Browse page (GET /admin/)
[261110 13:08:34] Browse page (GET /admin/admins.php)
[261110 13:08:34] Browse page (GET /admin/)
[261110 13:08:50] Browse page (GET /admin/admins.php)
[261110 13:08:50] Browse page (GET /admin/)
[261110 13:09:53] Browse page (GET /admin/)
[261110 13:09:55] Browse page (GET /admin/admins.php)
[261110 13:10:48] Browse page (GET /admin/admins.php)
[261110 13:10:58] Browse page (GET /admin/admins.php)
[261110 13:10:59] Browse page (GET /admin/admins.php)
[261110 13:10:59] Browse page (GET /admin/admins.php)
[261110 13:11:00] Browse page (GET /admin/admins.php)
[261110 13:11:00] Browse page (GET /admin/admins.php)
[261110 13:11:01] Browse page (GET /admin/admins.php)
[261110 13:11:01] Browse page (GET /admin/admins.php)
[261110 13:11:01] Browse page (GET /admin/admins.php)
[261110 13:11:02] Browse page (GET /admin/admins.php)
[261110 13:11:38] Browse page (GET /admin/admins.php)
[261110 13:12:30] Browse page (GET /admin/admins.php)
[261110 13:12:32] Browse page (GET /admin/?event=logout)
[261110 13:12:32] Logout done (GET /admin/?event=logout)
[201011 15:43:11] Browse page (GET /admin/)
[201011 15:43:18] Browse page (GET /admin/?event=logout)
[201011 15:43:18] Logout done (GET /admin/?event=logout)
[201011 15:44:01] Browse page (GET /admin/)
[201011 15:45:48] Browse page (GET /admin/)
[201011 15:46:59] Browse page (GET /admin/)
[201011 15:47:07] Browse page (GET /admin/staffs_type.php)
[201011 15:47:11] Browse page (GET /admin/staffs.php)
[201011 15:47:39] Browse page (GET /admin/staffs_type.php)
[201011 15:47:42] Browse page (GET /admin/menu.php)
[201011 15:47:48] Browse page (GET /admin/menu.php)
[201011 15:47:50] Browse page (GET /admin/pages.php)
[201011 15:47:55] Browse page (GET /admin/modulespages.php)
[201011 15:47:57] Browse page (GET /admin/news.php)
[201011 15:48:03] Browse page (GET /admin/news_type.php)
[201011 15:48:06] Browse page (GET /admin/menu_countries.php)
[201011 15:48:11] Browse page (GET /admin/akcii.php)
[201011 15:48:15] Browse page (GET /admin/countries_catalog.php)
[201011 15:49:12] Browse page (GET /admin/countries_catalog.php)
[201011 15:49:14] Browse page (GET /admin/staffs.php)
[201011 15:49:20] Browse page (GET /admin/staffs.edit.php?intStaffID=2)
[201011 15:49:38] Browse page (GET /admin/staffs.edit.php?intStaffID=2)
[201011 16:10:49] Browse page (GET /admin/staffs.edit.php?intStaffID=2)
