[210112 12:12:59] Browse page (GET /admin/)
[210112 12:13:20] Browse page (GET /admin/)
[210112 12:13:21] Browse page (GET /admin/?event=logout)
[210112 12:13:21] Logout done (GET /admin/?event=logout)
[210112 12:13:27] Browse page (GET /admin/)
[210112 12:13:38] Browse page (GET /admin/generalgallery.php)
[210112 12:13:51] Browse page (GET /admin/generalgallery.edit.php?intGeneralGalleryID=2)
[210112 12:24:24] Browse page (POST /admin/generalgallery.edit.php)
[210112 12:24:25] Browse page (GET /admin/generalgallery.edit.php?intGeneralGalleryID=2)
[210112 12:31:46] Browse page (GET /admin/generalgallery.edit.php?intGeneralGalleryID=2)
[210112 12:32:00] Browse page (GET /admin/generalgallery.edit.php?intGeneralGalleryID=2)
[210112 12:32:28] Browse page (GET /admin/generalgallery.edit.php?intGeneralGalleryID=2)
[210112 12:32:43] Browse page (POST /admin/generalgallery.edit.php)
[210112 12:32:43] Browse page (GET /admin/generalgallery.edit.php?intGeneralGalleryID=2)
[210112 12:33:02] Browse page (POST /admin/generalgallery.edit.php)
[210112 12:33:02] Browse page (GET /admin/generalgallery.edit.php?intGeneralGalleryID=2)
[210112 12:33:34] Browse page (POST /admin/generalgallery.edit.php)
[210112 12:33:34] Browse page (GET /admin/generalgallery.edit.php?intGeneralGalleryID=2)
[210112 12:33:53] Browse page (POST /admin/generalgallery.edit.php)
[210112 12:33:53] Browse page (GET /admin/generalgallery.edit.php?intGeneralGalleryID=2)
[210112 12:34:08] Browse page (POST /admin/generalgallery.edit.php)
[210112 12:34:08] Browse page (GET /admin/generalgallery.edit.php?intGeneralGalleryID=2)
[210112 13:45:51] Browse page (GET /admin/countries_catalog.php)
[210112 13:45:55] Browse page (GET /admin/countries_catalog.edit.php?intCountryID=1)
[210112 13:46:43] Browse page (POST /admin/countries_catalog.edit.php)
[210112 13:46:43] Browse page (GET /admin/countries_catalog.edit.php?intCountryID=1)
[210112 13:47:42] Browse page (POST /admin/countries_catalog.edit.php)
[210112 13:47:42] Browse page (GET /admin/countries_catalog.edit.php?intCountryID=1)
[210112 13:48:00] Browse page (POST /admin/countries_catalog.edit.php)
[210112 13:48:01] Browse page (GET /admin/countries_catalog.edit.php?intCountryID=1)
[210112 13:48:52] Browse page (GET /admin/countries_catalog.php)
[210112 13:48:54] Browse page (GET /admin/countries_catalog.edit.php?intCountryID=4)
[210112 13:51:35] Browse page (POST /admin/countries_catalog.edit.php)
[210112 13:51:36] Browse page (GET /admin/countries_catalog.edit.php?intCountryID=4)
[210112 13:51:59] Browse page (POST /admin/countries_catalog.edit.php)
[210112 13:51:59] Browse page (GET /admin/countries_catalog.edit.php?intCountryID=4)
[210112 13:54:10] Browse page (POST /admin/countries_catalog.edit.php)
[210112 13:54:10] Browse page (GET /admin/countries_catalog.edit.php?intCountryID=4)
[210112 13:55:45] Browse page (POST /admin/countries_catalog.edit.php)
[210112 13:55:45] Browse page (GET /admin/countries_catalog.edit.php?intCountryID=4)
[210112 13:57:41] Browse page (POST /admin/countries_catalog.edit.php)
[210112 13:57:41] Browse page (GET /admin/countries_catalog.edit.php?intCountryID=4)
[210112 13:58:12] Browse page (POST /admin/countries_catalog.edit.php)
[210112 13:58:12] Browse page (GET /admin/countries_catalog.edit.php?intCountryID=4)
[210112 14:22:19] Browse page (GET /admin/hotels_catalog.php)
[210112 14:22:28] Browse page (GET /admin/hotels_catalog.edit.php)
[210112 14:22:59] Browse page (POST /admin/hotels_catalog.edit.php)
[210112 14:23:06] Browse page (POST /admin/hotels_catalog.edit.php)
[210112 14:23:06] Browse page (GET /admin/hotels_catalog.edit.php?intHotelID=3)
[210112 14:29:57] Browse page (GET /admin/hotels_catalog.php)
[210112 14:29:59] Browse page (GET /admin/hotels_catalog.edit.php)
[210112 14:30:15] Browse page (POST /admin/hotels_catalog.edit.php)
[210112 14:30:15] Browse page (GET /admin/hotels_catalog.edit.php?intHotelID=4)
[210112 14:53:46] Browse page (GET /admin/staffs.php)
[210112 14:53:53] Browse page (GET /admin/staffs.edit.php?intStaffID=1)
[210112 14:54:24] Browse page (POST /admin/staffs.edit.php)
[210112 14:54:26] Browse page (GET /admin/staffs.edit.php?intStaffID=1)
[210112 14:55:58] Browse page (POST /admin/staffs.edit.php)
[210112 14:55:58] Browse page (GET /admin/staffs.edit.php?intStaffID=1)
[210112 14:56:42] Browse page (POST /admin/staffs.edit.php)
[210112 14:56:42] Browse page (GET /admin/staffs.edit.php?intStaffID=1)
[210112 15:01:38] Browse page (GET /admin/staffs.edit.php?intStaffID=1)
[210112 15:07:19] Browse page (POST /admin/staffs.edit.php)
[210112 15:07:19] Browse page (GET /admin/staffs.edit.php?intStaffID=1)
[210112 16:30:00] Browse page (GET /admin/staffs.edit.php?intStaffID=1)
[210112 17:33:57] Browse page (GET /admin/tours.php)
[210112 17:33:59] Browse page (GET /admin/tours.edit.php?intTourID=2)
[210112 17:35:23] Browse page (GET /admin/tours.php)
[210112 17:35:25] Browse page (GET /admin/tourtypes.php)
[210112 17:35:29] Browse page (GET /admin/applications.php)
[210112 17:35:30] Browse page (GET /admin/tours.php)
[210112 17:35:53] Browse page (GET /admin/tours.edit.php?intTourID=2)
[210112 17:37:11] Browse page (GET /admin/staffs.php)
[210112 17:37:17] Browse page (GET /admin/staffs.edit.php?intStaffID=1)
[210112 17:37:21] Browse page (GET /admin/staffs_type.php)
[210112 17:37:31] Browse page (GET /admin/subscribes.php)
[210112 17:37:34] Browse page (GET /admin/subscribes.edit.php?intSubscribeID=2)
[210112 17:37:40] Browse page (GET /admin/subscribes.php)
[210112 17:40:07] Browse page (GET /admin/applications.php)
[210112 17:40:16] Browse page (GET /admin/gallerys.php)
[210112 17:40:18] Browse page (GET /admin/banners_zones.php)
[210112 17:40:20] Browse page (GET /admin/banners_zones.edit.php?intBannerZoneID=1)
[210112 17:40:35] Browse page (GET /admin/static_zone.php)
[210112 17:41:14] Browse page (GET /admin/subscribes.php)
[210112 17:41:19] Browse page (GET /admin/subscribes.edit.php?intSubscribeID=2)
[210112 17:41:22] Browse page (GET /admin/subscribes.php)
[210112 17:44:58] Browse page (GET /admin/subscribes.php)
[210112 17:45:11] Browse page (GET /admin/staffs_type.php)
[210112 17:45:13] Browse page (GET /admin/staffs.php)
[210112 17:51:29] Browse page (GET /admin/users.php)
[210112 17:51:39] Browse page (GET /admin/users.edit.php?intUserID=11)
[210112 17:51:51] Browse page (GET /admin/users.php)
[210112 17:53:53] Browse page (GET /admin/users.edit.php?intUserID=13)
[210112 17:54:54] Browse page (GET /admin/users.edit.php?intUserID=13)
[210112 17:54:59] Browse page (POST /admin/users.edit.php)
[210112 17:54:59] Browse page (GET /admin/users.edit.php?intUserID=13)
[210112 17:59:15] Browse page (GET /admin/gallerys.php)
[210112 17:59:17] Browse page (GET /admin/gallerys.edit.php?intGalleryID=1)
[210112 17:59:26] Browse page (GET /admin/resorts_catalog.php)
[210112 17:59:28] Browse page (GET /admin/resorts_catalog.edit.php?intResortID=2)
[210112 17:59:41] Browse page (POST /admin/resorts_catalog.edit.php)
[210112 17:59:41] Browse page (GET /admin/resorts_catalog.edit.php?intResortID=2)
[210112 17:59:56] Browse page (GET /admin/resorts_catalog.php)
[210112 17:59:57] Browse page (GET /admin/resorts_catalog.edit.php?intResortID=1)
[210112 18:00:02] Browse page (POST /admin/resorts_catalog.edit.php)
[210112 18:00:02] Browse page (GET /admin/resorts_catalog.edit.php?intResortID=1)
[210112 18:07:29] Browse page (GET /admin/resorts_catalog.php)
[210112 18:08:35] Browse page (GET /admin/users.php)
[210112 18:09:02] Browse page (GET /admin/users.php)
[210112 18:09:23] Browse page (GET /admin/users.php)
[210112 18:09:38] Browse page (GET /admin/users.php)
[210112 18:09:56] Browse page (GET /admin/users.php)
[210112 18:10:27] Browse page (GET /admin/admins.php)
[210112 18:10:30] Browse page (GET /admin/staffs_type.php)
[210112 18:10:32] Browse page (GET /admin/staffs_type.edit.php?intTypeID=1)
[210112 18:10:34] Browse page (GET /admin/staffs_type.php)
[210112 18:11:08] Browse page (GET /admin/staffs_type.php)
[210112 18:11:15] Browse page (GET /admin/admins.php)
[210112 18:11:19] Browse page (GET /admin/admins.edit.php?intAdminID=4)
[210112 18:11:22] Browse page (GET /admin/admins.php)
[210112 18:14:20] Browse page (GET /admin/admins.php)
[210112 18:14:21] Browse page (GET /admin/admins.php)
[210112 18:14:22] Browse page (GET /admin/admins.php)
[210112 18:14:31] Browse page (GET /admin/admins.php)
[210112 18:14:33] Browse page (GET /admin/admins.edit.php?intAdminID=4)
[210112 18:15:22] Browse page (GET /admin/users.php)
[210112 18:16:22] Browse page (GET /admin/users.php)
[210112 18:16:23] Browse page (GET /admin/users.php)
[210112 18:16:36] Browse page (GET /admin/users.php)
[210112 18:16:56] Browse page (GET /admin/users.php)
[210112 18:17:13] Browse page (GET /admin/users.php)
[210112 18:17:15] Browse page (GET /admin/users.php)
[210112 18:17:17] Browse page (GET /admin/admins.php)
[210112 18:17:20] Browse page (GET /admin/roles.php)
[210112 18:17:22] Browse page (GET /admin/staffs.php)
[210112 18:17:24] Browse page (GET /admin/staffs_type.php)
[210112 18:17:26] Browse page (GET /admin/admins.php)
[210112 18:17:28] Browse page (GET /admin/users.php)
[210112 18:17:33] Browse page (GET /admin/users.edit.php?intUserID=11)
[210112 18:17:37] Browse page (GET /admin/users.php)
[210112 18:20:10] Browse page (GET /admin/tourtypes.php)
[210112 18:25:59] Browse page (GET /admin/admins.php)
[210112 19:15:10] Browse page (GET /admin/countries_catalog.php)
[210112 19:15:12] Browse page (GET /admin/countries_catalog.edit.php?intCountryID=4)
[210112 19:29:32] Browse page (GET /admin/tourtypes.php)
[210112 19:29:34] Browse page (GET /admin/tourtypes.edit.php?intTypeID=1)
[210112 19:29:36] Browse page (GET /admin/countries_catalog.php)
[210112 19:29:38] Browse page (GET /admin/countries_catalog.edit.php?intCountryID=4)
[210112 19:31:33] Browse page (GET /admin/countries_catalog.edit.php?intCountryID=4)
[210112 19:31:38] Browse page (GET /admin/tourtypes.php)
[210112 19:32:17] Browse page (GET /admin/tourtypes.php)
[210112 19:32:21] Browse page (GET /admin/tourtypes.edit.php?intTypeID=2)
[210112 19:32:24] Browse page (GET /admin/countries_catalog.php)
[210112 19:32:27] Browse page (GET /admin/countries_catalog.edit.php?intCountryID=4)
[210112 19:35:22] Browse page (GET /admin/tours.php)
[210112 19:35:24] Browse page (GET /admin/tours.edit.php?intTourID=2)
[210112 19:40:11] Browse page (GET /admin/tours.edit.php?intTourID=2)
[210112 19:41:22] Browse page (GET /admin/tours.edit.php?intTourID=2)
[210112 19:41:46] Browse page (GET /admin/tours.edit.php?intTourID=2)
[210112 19:42:09] Browse page (GET /admin/tours.edit.php?intTourID=2)
[210112 19:42:14] Browse page (POST /admin/tours.edit.php)
[210112 19:42:14] Browse page (GET /admin/tours.edit.php?intTourID=2)
[210112 19:43:31] Browse page (POST /admin/tours.edit.php)
[210112 19:43:31] Browse page (GET /admin/tours.edit.php?intTourID=2)
[210112 19:43:32] Browse page (GET /admin/tours.edit.php?intTourID=2)
[210112 20:06:03] Browse page (GET /admin/hotels_catalog.php)
[210112 20:06:05] Browse page (GET /admin/hotels_catalog.edit.php?intHotelID=3)
[210112 20:11:17] Browse page (GET /admin/tourtypes.php)
[210112 20:11:20] Browse page (GET /admin/tourtypes.edit.php?intTypeID=1)
[210112 20:11:28] Browse page (GET /admin/hotels_catalog.php)
[210112 20:11:30] Browse page (GET /admin/hotels_catalog.edit.php?intHotelID=3)
[210112 20:11:57] Browse page (GET /admin/tours.php)
[210112 20:11:58] Browse page (GET /admin/tours.edit.php?intTourID=2)
[210112 20:12:09] Browse page (POST /admin/tours.edit.php)
[210112 20:12:09] Browse page (GET /admin/tours.edit.php?intTourID=2)
[220112 11:40:53] Browse page (GET /admin/)
[220112 11:40:59] Browse page (GET /admin/menu.php)
[220112 11:41:01] Browse page (GET /admin/pages.php)
[220112 11:41:04] Browse page (GET /admin/modulespages.php)
[220112 11:41:09] Browse page (GET /admin/news.php)
[220112 11:41:14] Browse page (GET /admin/countries_catalog.php)
[220112 11:41:20] Browse page (GET /admin/resorts_catalog.php)
[220112 11:43:09] Browse page (GET /admin/countries_catalog.php)
[220112 11:43:10] Browse page (GET /admin/countries_catalog.edit.php?intCountryID=4)
[220112 11:43:12] Browse page (GET /admin/countries_catalog.php)
[220112 11:43:13] Browse page (GET /admin/catalog_menu.php?intCountryID=4)
[220112 11:43:18] Browse page (GET /admin/catalog_menu.edit.php?intParentID=10&type=country&intMenuID=11)
[220112 11:43:21] Browse page (GET /admin/catalog_menu.php?intCountryID=4)
[220112 11:43:22] Browse page (GET /admin/catalog_menu.edit.php?intParentID=10&type=country)
[220112 11:43:37] Browse page (POST /admin/catalog_menu.edit.php?intParentID=10&type=country)
[220112 11:43:37] Browse page (GET /admin/catalog_menu.edit.php?intParentID=10&type=country&intMenuID=22)
[220112 11:43:39] Browse page (GET /admin/countries_catalog.php)
[220112 11:43:41] Browse page (GET /admin/catalog_menu.php?intCountryID=2)
[220112 11:43:43] Browse page (GET /admin/catalog_menu.edit.php?intParentID=3&type=country)
[220112 11:43:47] Browse page (POST /admin/catalog_menu.edit.php?intParentID=3&type=country)
[220112 11:43:47] Browse page (GET /admin/catalog_menu.edit.php?intParentID=3&type=country&intMenuID=23)
[220112 11:43:48] Browse page (GET /admin/countries_catalog.php)
[220112 11:43:49] Browse page (GET /admin/catalog_menu.php?intCountryID=1)
[220112 11:43:50] Browse page (GET /admin/catalog_menu.edit.php?intParentID=1&type=country)
[220112 11:43:54] Browse page (POST /admin/catalog_menu.edit.php?intParentID=1&type=country)
[220112 11:43:54] Browse page (GET /admin/catalog_menu.edit.php?intParentID=1&type=country&intMenuID=24)
[220112 11:43:59] Browse page (GET /admin/countries_catalog.php)
[220112 11:44:01] Browse page (GET /admin/catalog_menu.php?intCountryID=4)
[220112 11:44:05] Browse page (POST /admin/catalog_menu.php?intCountryID=4&event=saveorder&flagSubmenu=false)
[220112 11:44:05] Browse page (GET /admin/catalog_menu.php?intCountryID=4)
[220112 11:44:06] Browse page (GET /admin/countries_catalog.php)
[220112 11:44:07] Browse page (GET /admin/catalog_menu.php?intCountryID=2)
[220112 11:44:10] Browse page (POST /admin/catalog_menu.php?intCountryID=2&event=saveorder&flagSubmenu=false)
[220112 11:44:10] Browse page (GET /admin/catalog_menu.php?intCountryID=2)
[220112 11:44:11] Browse page (GET /admin/countries_catalog.php)
[220112 11:44:13] Browse page (GET /admin/catalog_menu.php?intCountryID=1)
[220112 11:44:16] Browse page (POST /admin/catalog_menu.php?intCountryID=1&event=saveorder&flagSubmenu=false)
[220112 11:44:16] Browse page (GET /admin/catalog_menu.php?intCountryID=1)
[220112 11:44:16] Browse page (GET /admin/countries_catalog.php)
[220112 11:44:32] Browse page (GET /admin/catalog_menu.php?intCountryID=4)
[220112 11:45:11] Browse page (GET /admin/catalog_menu.php?intCountryID=10&event=Delete&intMenuID=19)
[220112 11:45:11] Browse page (GET /admin/countries_catalog.php)
[220112 11:45:18] Browse page (GET /admin/catalog_menu.php?intCountryID=4)
[220112 11:45:31] Browse page (GET /admin/catalog_menu.php?intCountryID=10&event=Delete&intMenuID=19)
[220112 11:45:31] Browse page (GET /admin/countries_catalog.php)
[220112 11:45:34] Browse page (GET /admin/catalog_menu.php?intCountryID=4)
[220112 11:46:16] Browse page (GET /admin/catalog_menu.php?intCountryID=4)
[220112 11:46:17] Browse page (GET /admin/catalog_menu.php?intCountryID=4)
[220112 11:46:22] Browse page (GET /admin/countries_catalog.php)
[220112 11:46:29] Browse page (GET /admin/catalog_menu.php?intCountryID=1)
[220112 11:46:46] Browse page (POST /admin/catalog_menu.php?intCountryID=1&event=saveorder&flagSubmenu=false)
[220112 11:46:46] Browse page (GET /admin/catalog_menu.php?intCountryID=1)
[220112 11:46:50] Browse page (GET /admin/catalog_menu.php?intCountryID=1&event=Delete&intMenuID=13)
[220112 11:46:50] Browse page (GET /admin/catalog_menu.php?intCountryID=1)
[220112 11:46:57] Browse page (GET /admin/catalog_menu.edit.php?intParentID=1&type=country)
[220112 11:47:00] Browse page (GET /admin/pages.php)
[220112 11:47:02] Browse page (GET /admin/pages.edit.php)
[220112 11:47:25] Browse page (POST /admin/pages.edit.php)
[220112 11:48:05] Browse page (POST /admin/pages.edit.php)
[220112 11:48:05] Browse page (GET /admin/pages.edit.php?intPageID=2)
[220112 11:48:11] Browse page (GET /admin/countries_catalog.php)
[220112 11:48:13] Browse page (GET /admin/catalog_menu.php?intCountryID=1)
[220112 11:48:15] Browse page (GET /admin/catalog_menu.edit.php?intParentID=1&type=country)
[220112 11:48:25] Browse page (POST /admin/catalog_menu.edit.php?intParentID=1&type=country)
[220112 11:48:26] Browse page (GET /admin/catalog_menu.edit.php?intParentID=1&type=country&intMenuID=25)
[220112 11:48:27] Browse page (GET /admin/countries_catalog.php)
[220112 11:48:30] Browse page (GET /admin/catalog_menu.php?intCountryID=2)
[220112 11:48:33] Browse page (GET /admin/catalog_menu.php?intCountryID=3&event=Delete&intMenuID=16)
[220112 11:48:33] Browse page (GET /admin/countries_catalog.php)
[220112 11:48:57] Browse page (GET /admin/catalog_menu.php?intCountryID=4)
[220112 11:50:29] Browse page (GET /admin/catalog_menu.php?intCountryID=4)
[220112 11:50:43] Browse page (GET /admin/catalog_menu.php?intCountryID=4)
[220112 11:51:22] Browse page (GET /admin/countries_catalog.php)
[220112 11:51:25] Browse page (GET /admin/countries_catalog.edit.php?intCountryID=4)
[220112 11:51:41] Browse page (GET /admin/countries_catalog.php)
[220112 11:51:44] Browse page (GET /admin/catalog_menu.php?intCountryID=4)
[220112 11:52:04] Browse page (GET /admin/countries_catalog.php)
[220112 11:52:05] Browse page (GET /admin/countries_catalog.edit.php?intCountryID=2)
[220112 11:52:07] Browse page (GET /admin/countries_catalog.php)
[220112 11:52:08] Browse page (GET /admin/catalog_menu.php?intCountryID=2)
[220112 11:52:16] Browse page (GET /admin/countries_catalog.php)
[220112 11:52:19] Browse page (GET /admin/catalog_menu.php?intCountryID=1)
[220112 11:55:19] Browse page (GET /admin/catalog_menu.php?intCountryID=1)
[220112 11:55:23] Browse page (GET /admin/countries_catalog.php)
[220112 11:55:25] Browse page (GET /admin/countries_catalog.edit.php?intCountryID=2)
[220112 11:55:26] Browse page (GET /admin/countries_catalog.php)
[220112 11:55:28] Browse page (GET /admin/catalog_menu.php?intCountryID=2)
[220112 11:55:30] Browse page (GET /admin/catalog_menu.php?intCountryID=3&event=Delete&intMenuID=16)
[220112 11:55:30] Browse page (GET /admin/countries_catalog.php)
[220112 11:55:46] Browse page (GET /admin/catalog_menu.php?intCountryID=2)
[220112 11:55:48] Browse page (GET /admin/catalog_menu.php?intCountryID=2)
[220112 11:55:49] Browse page (GET /admin/catalog_menu.php?intCountryID=2)
[220112 11:56:08] Browse page (GET /admin/catalog_menu.php?intCountryID=3&event=Delete&intMenuID=16)
[220112 11:56:08] Browse page (GET /admin/countries_catalog.php)
[220112 11:56:11] Browse page (GET /admin/catalog_menu.php?intCountryID=2)
[220112 11:56:20] Browse page (GET /admin/catalog_menu.php?intCountryID=2)
[220112 11:56:37] Browse page (GET /admin/catalog_menu.php?intCountryID=2)
[220112 11:56:39] Browse page (GET /admin/catalog_menu.php?intCountryID=3&event=Delete&intMenuID=16)
[220112 11:56:39] Browse page (GET /admin/countries_catalog.php)
[220112 11:56:42] Browse page (GET /admin/catalog_menu.php?intCountryID=2)
[220112 11:57:05] Browse page (GET /admin/catalog_menu.php?intCountryID=3&event=Delete&intMenuID=16)
[220112 11:57:05] Browse page (GET /admin/countries_catalog.php)
[220112 11:57:17] Browse page (GET /admin/countries_catalog.php)
[220112 11:57:20] Browse page (GET /admin/catalog_menu.php?intCountryID=2)
[220112 11:57:25] Browse page (GET /admin/catalog_menu.php?intCountryID=2)
[220112 11:57:31] Browse page (GET /admin/catalog_menu.php?intCountryID=3&event=Delete&intMenuID=16)
[220112 11:59:23] Browse page (GET /admin/catalog_menu.php?intCountryID=3&event=Delete&intMenuID=16)
[220112 11:59:33] Browse page (GET /admin/catalog_menu.php?intCountryID=3&event=Delete&intMenuID=16)
[220112 11:59:33] Browse page (GET /admin/countries_catalog.php)
[220112 11:59:36] Browse page (GET /admin/catalog_menu.php?intCountryID=2)
[220112 11:59:39] Browse page (GET /admin/catalog_menu.php?intCountryID=2&event=Delete&intMenuID=16)
[220112 12:00:02] Browse page (GET /admin/catalog_menu.php?intCountryID=2)
[220112 12:00:03] Browse page (GET /admin/catalog_menu.php?intCountryID=2)
[220112 12:00:21] Browse page (GET /admin/catalog_menu.php?intCountryID=2)
[220112 12:00:23] Browse page (GET /admin/countries_catalog.php)
[220112 12:00:25] Browse page (GET /admin/catalog_menu.php?intCountryID=4)
[220112 12:00:27] Browse page (GET /admin/catalog_menu.php?intCountryID=4&event=Delete&intMenuID=19)
[220112 12:00:27] Browse page (GET /admin/catalog_menu.php?intCountryID=4)
[220112 12:00:34] Browse page (GET /admin/countries_catalog.php)
[220112 12:00:36] Browse page (GET /admin/catalog_menu.php?intCountryID=1)
[220112 12:00:48] Browse page (POST /admin/catalog_menu.php?intCountryID=1&event=saveorder&flagSubmenu=false)
[220112 12:00:48] Browse page (GET /admin/catalog_menu.php?intCountryID=1)
[220112 12:00:51] Browse page (GET /admin/countries_catalog.php)
[220112 12:00:53] Browse page (GET /admin/countries_catalog.edit.php?intCountryID=2)
[220112 12:00:56] Browse page (GET /admin/countries_catalog.php)
[220112 12:00:58] Browse page (GET /admin/catalog_menu.php?intCountryID=2)
[220112 12:01:03] Browse page (GET /admin/catalog_menu.edit.php?intParentID=2&type=country)
[220112 12:01:15] Browse page (POST /admin/catalog_menu.edit.php?intParentID=2&type=country)
[220112 12:01:15] Browse page (GET /admin/catalog_menu.edit.php?intParentID=2&type=country&intMenuID=26)
[220112 12:01:16] Browse page (GET /admin/catalog_menu.php?intCountryID=0)
[220112 12:01:19] Browse page (GET /admin/catalog_menu.edit.php?intParentID=2&type=country&intMenuID=26)
[220112 12:02:45] Browse page (POST /admin/catalog_menu.edit.php?intParentID=2&type=country&intMenuID=26)
[220112 12:02:45] Browse page (GET /admin/catalog_menu.edit.php?intParentID=2&type=country&intMenuID=26&intMenuID=26)
[220112 12:02:46] Browse page (GET /admin/catalog_menu.php?intCountryID=2)
[220112 12:02:50] Browse page (GET /admin/catalog_menu.php?intCountryID=2)
[220112 12:02:52] Browse page (GET /admin/catalog_menu.edit.php?intParentID=2&type=country)
[220112 12:03:00] Browse page (POST /admin/catalog_menu.edit.php?intParentID=2&type=country)
[220112 12:03:00] Browse page (GET /admin/catalog_menu.edit.php?intParentID=2&type=country&intMenuID=27)
[220112 12:03:03] Browse page (GET /admin/catalog_menu.php?intCountryID=2)
[220112 12:03:05] Browse page (GET /admin/countries_catalog.php)
[220112 12:03:07] Browse page (GET /admin/catalog_menu.php?intCountryID=4)
[220112 12:03:09] Browse page (GET /admin/countries_catalog.php)
[220112 12:03:10] Browse page (GET /admin/catalog_menu.php?intCountryID=2)
[220112 12:03:12] Browse page (GET /admin/countries_catalog.php)
[220112 12:03:12] Browse page (GET /admin/catalog_menu.php?intCountryID=1)
[220112 12:03:15] Browse page (GET /admin/countries_catalog.php)
[220112 12:03:17] Browse page (GET /admin/catalog_menu.php?intCountryID=2)
[220112 12:03:19] Browse page (GET /admin/catalog_menu.edit.php?intParentID=2&type=country)
[220112 12:03:22] Browse page (POST /admin/catalog_menu.edit.php?intParentID=2&type=country)
[220112 12:03:22] Browse page (GET /admin/catalog_menu.edit.php?intParentID=2&type=country&intMenuID=28)
[220112 12:03:23] Browse page (GET /admin/catalog_menu.php?intCountryID=2)
[220112 12:03:26] Browse page (GET /admin/catalog_menu.php?intCountryID=2)
[220112 12:03:26] Browse page (GET /admin/catalog_menu.php?intCountryID=2)
[220112 12:03:27] Browse page (GET /admin/catalog_menu.php?intCountryID=2)
[220112 12:03:27] Browse page (GET /admin/catalog_menu.php?intCountryID=2)
[220112 12:03:27] Browse page (GET /admin/catalog_menu.php?intCountryID=2)
[220112 12:03:51] Browse page (GET /admin/catalog_menu.php?intCountryID=2)
[220112 12:03:53] Browse page (GET /admin/catalog_menu.edit.php?intParentID=2&type=country&intMenuID=28)
[220112 12:03:55] Browse page (GET /admin/catalog_menu.php?intCountryID=0)
[220112 12:03:56] Browse page (GET /admin/catalog_menu.edit.php?intParentID=2&type=country&intMenuID=28)
[220112 12:04:04] Browse page (GET /admin/catalog_menu.edit.php?intParentID=2&type=country&intMenuID=28)
[220112 12:04:07] Browse page (GET /admin/catalog_menu.php?intCountryID=2)
[220112 12:04:12] Browse page (GET /admin/countries_catalog.php)
[220112 12:04:14] Browse page (GET /admin/catalog_menu.php?intCountryID=1)
[220112 12:04:17] Browse page (GET /admin/catalog_menu.php?intCountryID=1&event=Delete&intMenuID=25)
[220112 12:04:17] Browse page (GET /admin/catalog_menu.php?intCountryID=1)
[220112 12:04:19] Browse page (GET /admin/catalog_menu.edit.php?intParentID=1&type=country)
[220112 12:04:20] Browse page (GET /admin/catalog_menu.php?intCountryID=1)
[220112 12:04:21] Browse page (GET /admin/countries_catalog.php)
[220112 12:04:23] Browse page (GET /admin/catalog_menu.php?intCountryID=4)
[220112 12:04:24] Browse page (GET /admin/catalog_menu.edit.php?intParentID=4&type=country)
[220112 12:04:31] Browse page (POST /admin/catalog_menu.edit.php?intParentID=4&type=country)
[220112 12:04:31] Browse page (GET /admin/catalog_menu.edit.php?intParentID=4&type=country&intMenuID=29)
[220112 12:04:32] Browse page (GET /admin/catalog_menu.php?intCountryID=4)
[220112 12:04:34] Browse page (GET /admin/countries_catalog.php)
[220112 12:04:35] Browse page (GET /admin/catalog_menu.php?intCountryID=1)
[220112 12:04:37] Browse page (GET /admin/countries_catalog.php)
[220112 12:04:38] Browse page (GET /admin/catalog_menu.php?intCountryID=2)
[220112 12:04:39] Browse page (GET /admin/countries_catalog.php)
[220112 12:04:40] Browse page (GET /admin/catalog_menu.php?intCountryID=4)
[220112 12:05:03] Browse page (GET /admin/countries_catalog.php)
[220112 12:05:12] Browse page (GET /admin/catalog_menu.php?intCountryID=1)
[220112 12:05:30] Browse page (GET /admin/catalog_menu.edit.php?intParentID=1&type=country)
[220112 12:06:25] Browse page (GET /admin/countries_catalog.php)
[220112 12:06:29] Browse page (GET /admin/catalog_menu.php?intCountryID=4)
[220112 12:06:34] Browse page (POST /admin/catalog_menu.php?intCountryID=4&event=saveorder&flagSubmenu=false)
[220112 12:06:34] Browse page (GET /admin/catalog_menu.php?intCountryID=4)
[220112 12:06:38] Browse page (POST /admin/catalog_menu.php?intCountryID=4&event=saveorder&flagSubmenu=false)
[220112 12:06:38] Browse page (GET /admin/catalog_menu.php?intCountryID=4)
[220112 12:06:43] Browse page (POST /admin/catalog_menu.php?intCountryID=4&event=saveorder&flagSubmenu=false)
[220112 12:06:43] Browse page (GET /admin/catalog_menu.php?intCountryID=4)
[220112 12:06:45] Browse page (GET /admin/catalog_menu.edit.php?intParentID=4&type=country)
[220112 12:07:33] Browse page (GET /admin/catalog_menu.edit.php?intParentID=4&type=country)
[220112 12:07:34] Browse page (GET /admin/catalog_menu.php?intCountryID=)
[220112 12:07:36] Browse page (GET /admin/resorts_catalog.php)
[220112 12:07:39] Browse page (GET /admin/countries_catalog.php)
[220112 12:07:43] Browse page (GET /admin/catalog_menu.php?intCountryID=1)
[220112 12:07:45] Browse page (GET /admin/catalog_menu.edit.php?intParentID=1&type=country)
[220112 12:07:53] Browse page (POST /admin/catalog_menu.edit.php?intParentID=1&type=country)
[220112 12:07:53] Browse page (GET /admin/catalog_menu.edit.php?intParentID=1&type=country&intMenuID=30)
[220112 12:07:57] Browse page (GET /admin/catalog_menu.php?intCountryID=1)
[220112 12:08:02] Browse page (POST /admin/catalog_menu.php?intCountryID=1&event=saveorder&flagSubmenu=false)
[220112 12:08:02] Browse page (GET /admin/catalog_menu.php?intCountryID=1)
[220112 12:08:06] Browse page (GET /admin/countries_catalog.php)
[220112 12:08:10] Browse page (GET /admin/catalog_menu.php?intCountryID=2)
[220112 12:08:11] Browse page (GET /admin/catalog_menu.edit.php?intParentID=2&type=country)
[220112 12:08:17] Browse page (POST /admin/catalog_menu.edit.php?intParentID=2&type=country)
[220112 12:08:17] Browse page (GET /admin/catalog_menu.edit.php?intParentID=2&type=country&intMenuID=31)
[220112 12:08:20] Browse page (GET /admin/catalog_menu.php?intCountryID=0)
[220112 12:08:23] Browse page (GET /admin/catalog_menu.edit.php?intParentID=2&type=country&intMenuID=31)
[220112 12:08:26] Browse page (GET /admin/countries_catalog.php)
[220112 12:08:27] Browse page (GET /admin/catalog_menu.php?intCountryID=2)
[220112 12:18:16] Browse page (GET /admin/countries_catalog.php)
[220112 12:18:18] Browse page (GET /admin/catalog_menu.php?intCountryID=4)
[220112 12:18:29] Browse page (GET /admin/catalog_menu.edit.php?intParentID=4&type=country)
[220112 12:18:37] Browse page (POST /admin/catalog_menu.edit.php?intParentID=4&type=country)
[220112 12:18:37] Browse page (GET /admin/catalog_menu.edit.php?intParentID=4&type=country&intMenuID=32)
[220112 12:18:40] Browse page (GET /admin/catalog_menu.php?intCountryID=0)
[220112 12:18:45] Browse page (GET /admin/catalog_menu.edit.php?intParentID=4&type=country&intMenuID=32)
[220112 12:18:46] Browse page (GET /admin/countries_catalog.php)
[220112 12:18:48] Browse page (GET /admin/catalog_menu.php?intCountryID=4)
[220112 12:18:50] Browse page (GET /admin/catalog_menu.edit.php?intParentID=4&type=country)
[220112 12:18:58] Browse page (POST /admin/catalog_menu.edit.php?intParentID=4&type=country)
[220112 12:18:58] Browse page (GET /admin/catalog_menu.edit.php?intParentID=4&type=country&intMenuID=33)
[220112 12:19:01] Browse page (GET /admin/catalog_menu.php?intCountryID=0)
[220112 12:19:03] Browse page (GET /admin/resorts_catalog.php)
[220112 12:19:08] Browse page (GET /admin/countries_catalog.php)
[220112 12:19:39] Browse page (GET /admin/countries_catalog.php)
[220112 12:28:46] Browse page (GET /admin/catalog_menu.php?intCountryID=4)
[220112 12:29:31] Browse page (GET /admin/catalog_menu.php?intCountryID=4)
[220112 12:29:33] Browse page (GET /admin/catalog_menu.edit.php?intParentID=4&type=countryintMenuID=r)
[220112 12:29:44] Browse page (GET /admin/catalog_menu.edit.php?intParentID=4&type=countryintMenuID=r)
[220112 12:29:46] Browse page (GET /admin/catalog_menu.php?intCountryID=4)
[220112 12:29:48] Browse page (GET /admin/catalog_menu.edit.php?intParentID=4&type=country&intMenuID=r)
[220112 12:29:56] Browse page (GET /admin/catalog_menu.php?intCountryID=)
[220112 12:29:57] Browse page (GET /admin/catalog_menu.edit.php?intParentID=4&type=country&intMenuID=r)
[220112 12:29:59] Browse page (GET /admin/catalog_menu.php?intCountryID=4)
[220112 12:30:32] Browse page (GET /admin/catalog_menu.edit.php?intParentID=4&type=country&intMenuID=r)
[220112 12:30:38] Browse page (GET /admin/catalog_menu.php?intCountryID=4)
[220112 12:31:24] Browse page (GET /admin/catalog_menu.edit.php?intParentID=4&type=country&intMenuID=r)
[220112 12:32:35] Browse page (GET /admin/catalog_menu.php?intCountryID=)
[220112 12:32:37] Browse page (GET /admin/countries_catalog.php)
[220112 12:32:39] Browse page (GET /admin/catalog_menu.php?intCountryID=1)
[220112 12:32:42] Browse page (GET /admin/catalog_menu.php?intCountryID=1&event=Delete&intMenuID=30)
[220112 12:32:42] Browse page (GET /admin/catalog_menu.php?intCountryID=1)
[220112 12:32:44] Browse page (GET /admin/catalog_menu.edit.php?intParentID=1&type=country)
[220112 12:32:51] Browse page (POST /admin/catalog_menu.edit.php?intParentID=1&type=country)
[220112 12:32:51] Browse page (GET /admin/catalog_menu.edit.php?intParentID=1&type=country&intMenuID=34)
[220112 12:32:52] Browse page (GET /admin/catalog_menu.php?intCountryID=1)
[220112 12:32:54] Browse page (GET /admin/countries_catalog.php)
[220112 12:32:55] Browse page (GET /admin/catalog_menu.php?intCountryID=4)
[220112 12:32:57] Browse page (GET /admin/catalog_menu.edit.php?intParentID=4&type=country)
[220112 12:33:04] Browse page (POST /admin/catalog_menu.edit.php?intParentID=4&type=country)
[220112 12:33:04] Browse page (GET /admin/catalog_menu.edit.php?intParentID=4&type=country&intMenuID=35)
[220112 12:33:06] Browse page (GET /admin/catalog_menu.php?intCountryID=0)
[220112 12:33:08] Browse page (GET /admin/countries_catalog.php)
[220112 12:33:09] Browse page (GET /admin/catalog_menu.php?intCountryID=4)
[220112 12:33:14] Browse page (GET /admin/countries_catalog.php)
[220112 12:33:16] Browse page (GET /admin/catalog_menu.php?intCountryID=1)
[220112 12:35:05] Browse page (GET /admin/countries_catalog.php)
[220112 12:35:07] Browse page (GET /admin/catalog_menu.php?intCountryID=4)
[220112 12:35:08] Browse page (GET /admin/catalog_menu.edit.php?intParentID=4&type=country)
[220112 12:35:34] Browse page (GET /admin/catalog_menu.edit.php?intParentID=4&type=country)
[220112 12:35:40] Browse page (POST /admin/catalog_menu.edit.php?intParentID=4&type=country)
[220112 12:35:40] Browse page (GET /admin/catalog_menu.edit.php?intParentID=4&type=country&intMenuID=36)
[220112 12:35:42] Browse page (GET /admin/catalog_menu.php?intCountryID=0)
[220112 12:35:44] Browse page (GET /admin/countries_catalog.php)
[220112 12:35:45] Browse page (GET /admin/catalog_menu.php?intCountryID=4)
[220112 12:37:09] Browse page (GET /admin/catalog_menu.php?intCountryID=4)
[220112 12:37:10] Browse page (GET /admin/catalog_menu.edit.php?intParentID=4&type=country)
[220112 12:37:20] Browse page (POST /admin/catalog_menu.edit.php?intParentID=4&type=country)
[220112 12:39:10] Browse page (POST /admin/catalog_menu.edit.php?intParentID=4&type=country)
[220112 12:40:56] Browse page (POST /admin/catalog_menu.edit.php?intParentID=4&type=country)
[220112 12:41:29] Browse page (POST /admin/catalog_menu.edit.php?intParentID=4&type=country)
[220112 12:41:29] Browse page (GET /admin/catalog_menu.edit.php?intParentID=4&type=country&intMenuID=37)
[220112 12:41:31] Browse page (GET /admin/catalog_menu.php?intCountryID=4)
[220112 12:41:33] Browse page (GET /admin/catalog_menu.edit.php?intParentID=4&type=country)
[220112 12:41:38] Browse page (POST /admin/catalog_menu.edit.php?intParentID=4&type=country)
[220112 12:41:38] Browse page (GET /admin/catalog_menu.edit.php?intParentID=4&type=country&intMenuID=38)
[220112 12:41:40] Browse page (GET /admin/catalog_menu.php?intCountryID=4)
[220112 12:41:42] Browse page (GET /admin/catalog_menu.php?intCountryID=4)
[220112 12:41:55] Browse page (GET /admin/catalog_menu.php?intCountryID=4)
[220112 12:42:00] Browse page (GET /admin/catalog_menu.php?intCountryID=4)
[220112 12:42:00] Browse page (GET /admin/countries_catalog.php)
[220112 12:42:05] Browse page (GET /admin/countries_catalog.php?intCountryID=2&event=delete)
[220112 12:42:05] Browse page (GET /admin/countries_catalog.php)
[220112 12:42:10] Browse page (GET /admin/countries_catalog.php)
[220112 12:42:15] Browse page (GET /admin/countries_catalog.php)
[220112 12:42:22] Browse page (GET /admin/countries_catalog.php?intCountryID=4&event=delete)
[220112 12:42:22] Browse page (GET /admin/countries_catalog.php)
[220112 12:42:44] Browse page (GET /admin/countries_catalog.php)
[220112 12:42:51] Browse page (GET /admin/resorts_catalog.php)
[220112 12:42:54] Browse page (GET /admin/resorts_catalog.php?intResortID=3&event=delete)
[220112 12:42:59] Browse page (GET /admin/regions_catalog.php)
[220112 12:43:02] Browse page (GET /admin/resorts_catalog.php)
[220112 12:43:04] Browse page (GET /admin/resorts_catalog.php?intResortID=3&event=delete)
[220112 12:43:11] Browse page (GET /admin/hotels_catalog.php)
[220112 12:43:15] Browse page (GET /admin/hotels_catalog.php?intHotelID=2&event=delete)
[220112 12:43:15] Browse page (GET /admin/hotels_catalog.php)
[220112 12:43:17] Browse page (GET /admin/placetypes.php)
[220112 12:43:20] Browse page (GET /admin/foodtypes.php)
[220112 12:43:52] Browse page (GET /admin/countries_catalog.php)
[220112 12:43:52] Browse page (GET /admin/resorts_catalog.php)
[220112 12:43:54] Browse page (GET /admin/resorts_catalog.php?intResortID=3&event=delete)
[220112 12:43:58] Browse page (GET /admin/countries_catalog.php)
[220112 12:43:59] Browse page (GET /admin/countries_catalog.edit.php)
[220112 12:44:16] Browse page (POST /admin/countries_catalog.edit.php)
[220112 12:44:16] Browse page (GET /admin/countries_catalog.edit.php?intCountryID=5)
[220112 12:44:19] Browse page (GET /admin/countries_catalog.php)
[220112 12:44:21] Browse page (GET /admin/catalog_menu.php?intCountryID=5)
[220112 12:44:28] Browse page (GET /admin/catalog_menu.php?intCountryID=5&event=Delete&intMenuID=1)
[220112 12:44:29] Browse page (GET /admin/catalog_menu.php?intCountryID=5)
[220112 12:44:30] Browse page (GET /admin/catalog_menu.php?intCountryID=5&event=Delete&intMenuID=39)
[220112 12:44:31] Browse page (GET /admin/catalog_menu.php?intCountryID=5)
[220112 12:44:36] Browse page (GET /admin/catalog_menu.php?intCountryID=4)
[220112 12:44:36] Browse page (GET /admin/countries_catalog.php)
[220112 12:44:38] Browse page (GET /admin/countries_catalog.php)
[220112 12:44:39] Browse page (GET /admin/countries_catalog.php)
[220112 12:44:39] Browse page (GET /admin/countries_catalog.php)
[220112 12:44:48] Browse page (GET /admin/countries_catalog.php)
[220112 12:44:49] Browse page (GET /admin/catalog_menu.php?intCountryID=5)
[220112 12:44:52] Browse page (GET /admin/countries_catalog.php)
[220112 12:45:07] Browse page (GET /admin/countries_catalog.php?intCountryID=5&event=delete)
[220112 12:45:08] Browse page (GET /admin/countries_catalog.php)
[220112 12:45:12] Browse page (GET /admin/countries_catalog.edit.php?intCountryID=1)
[220112 12:45:15] Browse page (POST /admin/countries_catalog.edit.php)
[220112 12:45:15] Browse page (GET /admin/countries_catalog.edit.php?intCountryID=1)
[220112 12:45:40] Browse page (POST /admin/countries_catalog.edit.php)
[220112 12:45:40] Browse page (GET /admin/countries_catalog.edit.php?intCountryID=1)
[220112 12:45:42] Browse page (GET /admin/countries_catalog.php)
[220112 12:45:44] Browse page (GET /admin/catalog_menu.php?intCountryID=1)
[220112 12:45:48] Browse page (GET /admin/catalog_menu.edit.php?intParentID=1&type=country)
[220112 12:46:00] Browse page (POST /admin/catalog_menu.edit.php?intParentID=1&type=country)
[220112 12:46:06] Browse page (POST /admin/catalog_menu.edit.php?intParentID=1&type=country)
[220112 12:46:06] Browse page (GET /admin/catalog_menu.edit.php?intParentID=1&type=country&intMenuID=40)
[220112 12:46:07] Browse page (GET /admin/countries_catalog.php)
[220112 12:46:12] Browse page (GET /admin/countries_catalog.edit.php?intCountryID=1)
[220112 12:46:15] Browse page (GET /admin/countries_catalog.php)
[220112 12:46:16] Browse page (GET /admin/catalog_menu.php?intCountryID=1)
[220112 12:46:28] Browse page (GET /admin/countries_catalog.php)
[220112 12:46:31] Browse page (GET /admin/countries_catalog.php?intCountryID=1&event=delete)
[220112 12:46:31] Browse page (GET /admin/countries_catalog.php)
[220112 12:46:55] Browse page (GET /admin/resorts_catalog.php)
[220112 12:46:57] Browse page (GET /admin/resorts_catalog.php?intResortID=2&event=delete)
[220112 12:46:59] Browse page (GET /admin/resorts_catalog.php?intResortID=2&event=delete)
[220112 12:47:15] Browse page (GET /admin/regions_catalog.php)
[220112 12:47:17] Browse page (GET /admin/regions_catalog.php?intRegionID=2&event=delete)
[220112 12:47:19] Browse page (GET /admin/regions_catalog.php?intRegionID=1&event=delete)
[220112 12:47:20] Browse page (GET /admin/hotels_catalog.php)
[220112 12:47:22] Browse page (GET /admin/hotels_catalog.php?intHotelID=3&event=delete)
[220112 12:47:22] Browse page (GET /admin/hotels_catalog.php)
[220112 12:47:23] Browse page (GET /admin/hotels_catalog.php?intHotelID=1&event=delete)
[220112 12:47:23] Browse page (GET /admin/hotels_catalog.php)
[220112 12:47:24] Browse page (GET /admin/hotels_catalog.php?intHotelID=4&event=delete)
[220112 12:47:24] Browse page (GET /admin/hotels_catalog.php)
[220112 12:47:50] Browse page (GET /admin/hotels_catalog.php)
[220112 12:47:51] Browse page (GET /admin/placetypes.php)
[220112 12:47:54] Browse page (GET /admin/placetypes.php?intPlaceTypeID=1&event=delete)
[220112 12:47:54] Browse page (GET /admin/placetypes.php)
[220112 12:47:55] Browse page (GET /admin/placetypes.php?intPlaceTypeID=2&event=delete)
[220112 12:47:55] Browse page (GET /admin/placetypes.php)
[220112 12:48:19] Browse page (GET /admin/placetypes.php)
[220112 12:48:52] Browse page (GET /admin/placetypes.php)
[220112 12:49:01] Browse page (GET /admin/placetypes.php)
[220112 12:49:10] Browse page (POST /admin/placetypes.php)
[220112 12:49:10] Browse page (GET /admin/placetypes.php)
[220112 12:49:22] Browse page (GET /admin/placetypes.php)
[220112 12:49:34] Browse page (POST /admin/placetypes.php)
[220112 12:49:35] Browse page (GET /admin/placetypes.php)
[220112 12:49:37] Browse page (GET /admin/placetypes.php?intPlaceTypeID=3&event=delete)
[220112 12:49:37] Browse page (GET /admin/placetypes.php)
[220112 12:49:39] Browse page (GET /admin/foodtypes.php)
[220112 12:49:41] Browse page (GET /admin/foodtypes.php?intFoodTypeID=1&event=delete)
[220112 12:49:41] Browse page (GET /admin/foodtypes.php)
[220112 12:49:43] Browse page (GET /admin/foodtypes.php?intFoodTypeID=2&event=delete)
[220112 12:49:43] Browse page (GET /admin/foodtypes.php)
[220112 12:50:16] Browse page (GET /admin/foodtypes.php)
[220112 12:50:17] Browse page (GET /admin/foodtypes.php)
[220112 12:50:24] Browse page (GET /admin/foodtypes.php)
[220112 12:50:34] Browse page (POST /admin/foodtypes.php)
[220112 12:50:34] Browse page (GET /admin/foodtypes.php)
[220112 12:50:42] Browse page (POST /admin/foodtypes.php)
[220112 12:50:43] Browse page (GET /admin/foodtypes.php)
[220112 12:50:44] Browse page (GET /admin/placetypes.php)
[220112 12:50:47] Browse page (GET /admin/placetypes.php?intPlaceTypeID=4&event=delete)
[220112 12:50:48] Browse page (GET /admin/placetypes.php)
[220112 12:50:57] Browse page (POST /admin/placetypes.php)
[220112 12:50:57] Browse page (GET /admin/placetypes.php)
[220112 12:51:02] Browse page (POST /admin/placetypes.php)
[220112 12:51:03] Browse page (GET /admin/placetypes.php)
[220112 12:51:05] Browse page (GET /admin/hotels_catalog.php)
[220112 12:51:38] Browse page (GET /admin/hotels_catalog.php)
[220112 12:51:47] Browse page (GET /admin/hotels_catalog.php)
[220112 12:51:54] Browse page (GET /admin/hotels_catalog.php)
[220112 12:51:58] Browse page (GET /admin/hotels_catalog.edit.php)
[220112 12:52:05] Browse page (GET /admin/hotels_catalog.edit.php)
[220112 12:52:14] Browse page (GET /admin/regions_catalog.php)
[220112 12:52:16] Browse page (GET /admin/regions_catalog.php?intRegionID=2&event=delete)
[220112 12:52:18] Browse page (GET /admin/regions_catalog.php?intRegionID=1&event=delete)
[220112 12:52:18] Browse page (GET /admin/regions_catalog.php)
[220112 12:52:21] Browse page (GET /admin/resorts_catalog.php)
[220112 12:52:23] Browse page (GET /admin/resorts_catalog.php?intResortID=3&event=delete)
[220112 12:52:25] Browse page (GET /admin/resorts_catalog.php?intResortID=1&event=delete)
[220112 12:52:27] Browse page (GET /admin/resorts_catalog.php?intResortID=2&event=delete)
[220112 12:53:29] Browse page (GET /admin/resorts_catalog.php?intResortID=2&event=delete)
[220112 12:53:29] Browse page (GET /admin/resorts_catalog.php)
[220112 12:53:31] Browse page (GET /admin/resorts_catalog.php?intResortID=3&event=delete)
[220112 12:53:31] Browse page (GET /admin/resorts_catalog.php)
[220112 12:53:33] Browse page (GET /admin/resorts_catalog.php?intResortID=1&event=delete)
[220112 12:53:33] Browse page (GET /admin/resorts_catalog.php)
[220112 12:53:51] Browse page (GET /admin/resorts_catalog.php)
[220112 12:53:54] Browse page (GET /admin/countries_catalog.php)
[220112 12:54:10] Browse page (GET /admin/countries_catalog.php)
[220112 12:54:13] Browse page (GET /admin/resorts_catalog.php)
[220112 12:54:14] Browse page (GET /admin/countries_catalog.php)
[220112 12:54:16] Browse page (GET /admin/countries_catalog.edit.php)
[220112 12:54:36] Browse page (POST /admin/countries_catalog.edit.php)
[220112 12:54:36] Browse page (GET /admin/countries_catalog.edit.php?intCountryID=6)
[220112 12:54:59] Browse page (POST /admin/countries_catalog.edit.php)
[220112 12:55:00] Browse page (GET /admin/countries_catalog.edit.php?intCountryID=6)
[220112 12:55:08] Browse page (POST /admin/countries_catalog.edit.php)
[220112 12:55:08] Browse page (GET /admin/countries_catalog.edit.php?intCountryID=6)
[220112 12:55:20] Browse page (POST /admin/countries_catalog.edit.php)
[220112 12:55:20] Browse page (GET /admin/countries_catalog.edit.php?intCountryID=6)
[220112 12:55:33] Browse page (POST /admin/countries_catalog.edit.php)
[220112 12:55:33] Browse page (GET /admin/countries_catalog.edit.php?intCountryID=6)
[220112 12:55:39] Browse page (POST /admin/countries_catalog.edit.php)
[220112 12:55:39] Browse page (GET /admin/countries_catalog.edit.php?intCountryID=6)
[220112 12:55:57] Browse page (GET /admin/countries_catalog.edit.php?intCountryID=6)
[220112 12:55:58] Browse page (POST /admin/countries_catalog.edit.php)
[220112 12:55:59] Browse page (GET /admin/countries_catalog.edit.php?intCountryID=6)
[220112 12:56:00] Browse page (POST /admin/countries_catalog.edit.php)
[220112 12:56:00] Browse page (GET /admin/countries_catalog.edit.php?intCountryID=6)
[220112 12:56:02] Browse page (GET /admin/countries_catalog.php)
[220112 12:56:25] Browse page (GET /admin/countries_catalog.php)
[220112 12:56:31] Browse page (GET /admin/countries_catalog.php)
[220112 12:56:40] Browse page (GET /admin/resorts_catalog.php)
[220112 12:56:42] Browse page (GET /admin/resorts_catalog.edit.php)
[220112 12:57:07] Browse page (POST /admin/resorts_catalog.edit.php)
[220112 12:57:08] Browse page (GET /admin/resorts_catalog.edit.php?intResortID=4)
[220112 12:57:09] Browse page (GET /admin/resorts_catalog.php)
[220112 12:57:11] Browse page (GET /admin/countries_catalog.php)
[220112 12:58:44] Browse page (GET /admin/countries_catalog.php)
[220112 12:58:47] Browse page (GET /admin/countries_catalog.php?intCountryID=6&event=delete)
[220112 12:58:49] Browse page (GET /admin/countries_catalog.php?intCountryID=6&event=delete)
[220112 12:58:53] Browse page (GET /admin/countries_catalog.php?intCountryID=6&event=delete)
[220112 12:58:55] Browse page (GET /admin/countries_catalog.php?intCountryID=6&event=delete)
[220112 12:59:03] Browse page (GET /admin/resorts_catalog.php)
[220112 12:59:18] Browse page (GET /admin/countries_catalog.php)
[220112 12:59:19] Browse page (GET /admin/catalog_menu.php?intCountryID=6)
[220112 12:59:22] Browse page (GET /admin/catalog_menu.edit.php?intParentID=6&type=country)
[220112 12:59:28] Browse page (POST /admin/catalog_menu.edit.php?intParentID=6&type=country)
[220112 12:59:28] Browse page (GET /admin/catalog_menu.edit.php?intParentID=6&type=country&intMenuID=42)
[220112 12:59:34] Browse page (GET /admin/catalog_menu.php?intCountryID=0)
[220112 12:59:36] Browse page (GET /admin/catalog_menu.edit.php?intParentID=6&type=country&intMenuID=42)
[220112 13:00:08] Browse page (GET /admin/catalog_menu.edit.php?intParentID=6&type=country&intMenuID=42)
[220112 13:00:12] Browse page (GET /admin/countries_catalog.php)
[220112 13:00:14] Browse page (GET /admin/catalog_menu.php?intCountryID=6)
[220112 13:00:15] Browse page (GET /admin/catalog_menu.php?intCountryID=6)
[220112 13:00:48] Browse page (GET /admin/resorts_catalog.php)
[220112 13:00:51] Browse page (GET /admin/countries_catalog.php)
[220112 13:01:14] Browse page (GET /admin/catalog_menu.php?intCountryID=6)
[220112 13:02:40] Browse page (GET /admin/catalog_menu.php?intCountryID=6)
[220112 13:03:41] Browse page (GET /admin/catalog_menu.php?intCountryID=6)
[220112 13:04:01] Browse page (GET /admin/catalog_menu.php?intCountryID=6)
[220112 13:05:27] Browse page (GET /admin/catalog_menu.php?intCountryID=6)
[220112 13:05:29] Browse page (GET /admin/catalog_menu.edit.php?intParentID=6&type=country)
[220112 13:05:41] Browse page (POST /admin/catalog_menu.edit.php?intParentID=6&type=country)
[220112 13:05:41] Browse page (GET /admin/catalog_menu.edit.php?intParentID=6&type=country&intMenuID=43)
[220112 13:05:43] Browse page (GET /admin/catalog_menu.php?intCountryID=6)
[220112 13:05:46] Browse page (POST /admin/catalog_menu.php?intCountryID=6&event=saveorder&flagSubmenu=false)
[220112 13:05:46] Browse page (GET /admin/catalog_menu.php?intCountryID=6)
[220112 13:05:49] Browse page (POST /admin/catalog_menu.php?intCountryID=6&event=saveorder&flagSubmenu=false)
[220112 13:05:49] Browse page (GET /admin/catalog_menu.php?intCountryID=6)
[220112 13:05:50] Browse page (POST /admin/catalog_menu.php?intCountryID=6&event=saveorder&flagSubmenu=false)
[220112 13:05:50] Browse page (GET /admin/catalog_menu.php?intCountryID=6)
[220112 13:05:58] Browse page (GET /admin/hotels_catalog.php)
[220112 13:06:00] Browse page (GET /admin/hotels_catalog.edit.php)
[220112 13:06:27] Browse page (POST /admin/hotels_catalog.edit.php)
[220112 13:06:28] Browse page (GET /admin/hotels_catalog.edit.php?intHotelID=5)
[220112 13:06:30] Browse page (GET /admin/regions_catalog.php)
[220112 13:06:33] Browse page (GET /admin/regions_catalog.php?intRegionID=2&event=delete)
[220112 13:06:35] Browse page (GET /admin/regions_catalog.edit.php?intRegionID=2)
[220112 13:06:38] Browse page (GET /admin/regions_catalog.php)
[220112 13:06:40] Browse page (GET /admin/regions_catalog.edit.php)
[220112 13:07:04] Browse page (POST /admin/regions_catalog.edit.php)
[220112 13:07:04] Browse page (GET /admin/regions_catalog.edit.php?intRegionID=3)
[220112 13:07:06] Browse page (GET /admin/hotels_catalog.php)
[220112 13:07:08] Browse page (GET /admin/hotels_catalog.edit.php?intHotelID=5)
[220112 13:07:13] Browse page (POST /admin/hotels_catalog.edit.php)
[220112 13:07:13] Browse page (GET /admin/hotels_catalog.edit.php?intHotelID=5)
[220112 13:07:14] Browse page (GET /admin/regions_catalog.php)
[220112 13:07:20] Browse page (GET /admin/resorts_catalog.php)
[220112 13:07:21] Browse page (GET /admin/countries_catalog.php)
[220112 13:07:23] Browse page (GET /admin/catalog_menu.php?intCountryID=6)
[220112 13:07:24] Browse page (POST /admin/catalog_menu.php?intCountryID=6&event=saveorder&flagSubmenu=false)
[220112 13:07:24] Browse page (GET /admin/catalog_menu.php?intCountryID=6)
[220112 13:07:32] Browse page (GET /admin/hotels_catalog.php)
[220112 13:07:35] Browse page (GET /admin/hotels_catalog.edit.php?intHotelID=5)
[220112 13:07:42] Browse page (POST /admin/hotels_catalog.edit.php)
[220112 13:07:42] Browse page (GET /admin/hotels_catalog.edit.php?intHotelID=5)
[220112 13:07:43] Browse page (GET /admin/countries_catalog.php)
[220112 13:07:44] Browse page (GET /admin/countries_catalog.edit.php?intCountryID=6)
[220112 13:07:54] Browse page (POST /admin/countries_catalog.edit.php)
[220112 13:07:54] Browse page (GET /admin/countries_catalog.edit.php?intCountryID=6)
[220112 13:07:56] Browse page (GET /admin/resorts_catalog.php)
[220112 13:07:58] Browse page (GET /admin/regions_catalog.php)
[220112 13:08:00] Browse page (GET /admin/resorts_catalog.php)
[220112 13:08:01] Browse page (GET /admin/resorts_catalog.edit.php?intResortID=4)
[220112 13:08:04] Browse page (POST /admin/resorts_catalog.edit.php)
[220112 13:08:04] Browse page (GET /admin/resorts_catalog.edit.php?intResortID=4)
[220112 13:08:06] Browse page (GET /admin/regions_catalog.php)
[220112 13:08:07] Browse page (GET /admin/regions_catalog.edit.php?intRegionID=3)
[220112 13:08:14] Browse page (POST /admin/regions_catalog.edit.php)
[220112 13:08:14] Browse page (GET /admin/regions_catalog.edit.php?intRegionID=3)
[220112 13:08:16] Browse page (GET /admin/hotels_catalog.php)
[220112 13:08:17] Browse page (GET /admin/countries_catalog.php)
[220112 13:08:19] Browse page (GET /admin/catalog_menu.php?intCountryID=6)
[220112 13:08:20] Browse page (GET /admin/catalog_menu.edit.php?intParentID=6&type=country)
[220112 13:08:39] Browse page (POST /admin/catalog_menu.edit.php?intParentID=6&type=country)
[220112 13:08:39] Browse page (GET /admin/catalog_menu.edit.php?intParentID=6&type=country&intMenuID=44)
[220112 13:08:40] Browse page (GET /admin/catalog_menu.php?intCountryID=6)
[220112 13:08:42] Browse page (GET /admin/catalog_menu.edit.php?intParentID=6&type=country)
[220112 13:08:55] Browse page (GET /admin/pages.php)
[220112 13:08:57] Browse page (GET /admin/pages.edit.php)
[220112 13:09:12] Browse page (POST /admin/pages.edit.php)
[220112 13:09:12] Browse page (GET /admin/pages.edit.php?intPageID=3)
[220112 13:09:14] Browse page (POST /admin/pages.edit.php)
[220112 13:09:14] Browse page (GET /admin/pages.edit.php?intPageID=3)
[220112 13:09:17] Browse page (GET /admin/catalog_menu.edit.php?intParentID=6&type=country)
[220112 13:09:22] Browse page (POST /admin/catalog_menu.edit.php?intParentID=6&type=country)
[220112 13:09:22] Browse page (GET /admin/catalog_menu.edit.php?intParentID=6&type=country&intMenuID=45)
[220112 13:09:29] Browse page (GET /admin/countries_catalog.php)
[220112 13:09:31] Browse page (GET /admin/catalog_menu.php?intCountryID=6)
[220112 13:09:37] Browse page (GET /admin/catalog_menu.edit.php?intParentID=6&type=country)
[220112 13:09:45] Browse page (POST /admin/catalog_menu.edit.php?intParentID=6&type=country)
[220112 13:09:45] Browse page (GET /admin/catalog_menu.edit.php?intParentID=6&type=country&intMenuID=46)
[220112 13:09:47] Browse page (GET /admin/countries_catalog.php)
[220112 13:09:48] Browse page (GET /admin/catalog_menu.php?intCountryID=6)
[220112 13:12:02] Browse page (GET /admin/catalog_menu.php?intCountryID=6&event=Delete&intMenuID=42)
[220112 13:12:02] Browse page (GET /admin/catalog_menu.php?intCountryID=6)
[220112 13:17:14] Browse page (GET /admin/countries_catalog.php)
[220112 13:17:15] Browse page (GET /admin/catalog_menu.php?intCountryID=6)
[220112 13:18:04] Browse page (GET /admin/catalog_menu.php?intCountryID=6)
[220112 13:19:01] Browse page (GET /admin/countries_catalog.php)
[220112 13:19:06] Browse page (GET /admin/catalog_menu.php?intCountryID=6)
[220112 13:20:43] Browse page (GET /admin/catalog_menu.php?intCountryID=6)
[220112 13:20:55] Browse page (GET /admin/catalog_menu.php?intCountryID=6)
[220112 13:20:57] Browse page (GET /admin/catalog_menu.php?intCountryID=6)
[220112 13:21:32] Browse page (GET /admin/catalog_menu.php?intCountryID=6)
[220112 13:21:50] Browse page (GET /admin/catalog_menu.php?intCountryID=6)
[220112 13:22:15] Browse page (GET /admin/catalog_menu.php?intCountryID=6)
[220112 13:22:16] Browse page (GET /admin/catalog_menu.edit.php?intParentID=6&type=country)
[220112 13:24:02] Browse page (GET /admin/catalog_menu.edit.php?intParentID=6&type=country)
[220112 13:24:16] Browse page (GET /admin/catalog_menu.edit.php?intParentID=6&type=country)
[220112 13:24:22] Browse page (GET /admin/catalog_menu.php?intCountryID=6)
[220112 13:24:23] Browse page (GET /admin/catalog_menu.edit.php?intParentID=6&type=country)
[220112 13:24:25] Browse page (GET /admin/catalog_menu.php?intCountryID=6)
[220112 13:24:28] Browse page (GET /admin/catalog_menu.edit.php?intParentID=6&type=country)
[220112 13:25:09] Browse page (GET /admin/catalog_menu.edit.php?intParentID=6&type=country)
[220112 13:25:15] Browse page (POST /admin/catalog_menu.edit.php?intParentID=6&type=country)
[220112 13:25:15] Browse page (GET /admin/catalog_menu.edit.php?intParentID=6&type=country&intMenuID=47)
[220112 13:25:17] Browse page (GET /admin/catalog_menu.php?intCountryID=0)
[220112 13:25:19] Browse page (GET /admin/countries_catalog.php)
[220112 13:25:21] Browse page (GET /admin/catalog_menu.php?intCountryID=6)
[220112 13:26:28] Browse page (GET /admin/catalog_menu.php?intCountryID=6)
[220112 13:26:30] Browse page (GET /admin/catalog_menu.edit.php?intParentID=6&type=country)
[220112 13:26:35] Browse page (POST /admin/catalog_menu.edit.php?intParentID=6&type=country)
[220112 13:26:35] Browse page (GET /admin/catalog_menu.edit.php?intParentID=6&type=country&intMenuID=48)
[220112 13:26:37] Browse page (GET /admin/catalog_menu.php?intCountryID=0)
[220112 13:26:39] Browse page (GET /admin/catalog_menu.edit.php?intParentID=6&type=country&intMenuID=48)
[220112 13:26:40] Browse page (GET /admin/countries_catalog.php)
[220112 13:26:42] Browse page (GET /admin/catalog_menu.php?intCountryID=6)
[220112 13:27:07] Browse page (GET /admin/catalog_menu.edit.php?intParentID=6&type=country)
[220112 13:27:13] Browse page (POST /admin/catalog_menu.edit.php?intParentID=6&type=country)
[220112 13:27:13] Browse page (GET /admin/catalog_menu.edit.php?intParentID=6&type=country&intMenuID=49)
[220112 13:27:14] Browse page (GET /admin/catalog_menu.php?intCountryID=0)
[220112 13:27:16] Browse page (GET /admin/countries_catalog.php)
[220112 13:27:18] Browse page (GET /admin/catalog_menu.php?intCountryID=6)
[220112 13:27:33] Browse page (GET /admin/countries_catalog.php)
[220112 13:27:37] Browse page (GET /admin/catalog_menu.php?intCountryID=6)
[220112 13:27:41] Browse page (GET /admin/catalog_menu.edit.php?intParentID=6&type=country)
[220112 13:27:59] Browse page (GET /admin/countries_catalog.php)
[220112 13:28:01] Browse page (GET /admin/catalog_menu.php?intCountryID=6)
[220112 13:28:03] Browse page (GET /admin/catalog_menu.edit.php?intParentID=6&type=country&intMenuID=43)
[220112 13:28:03] Browse page (GET /admin/catalog_menu.edit.php?intParentID=6&type=country&intMenuID=44)
[220112 13:28:04] Browse page (GET /admin/catalog_menu.edit.php?intParentID=6&type=country&intMenuID=45)
[220112 13:28:04] Browse page (GET /admin/catalog_menu.edit.php?intParentID=6&type=country&intMenuID=46)
[220112 13:28:05] Browse page (GET /admin/catalog_menu.edit.php?intParentID=6&type=country&intMenuID=49)
[220112 13:28:07] Browse page (POST /admin/catalog_menu.edit.php?intParentID=6&type=country&intMenuID=43)
[220112 13:28:07] Browse page (GET /admin/catalog_menu.edit.php?intParentID=6&type=country&intMenuID=43&intMenuID=50)
[220112 13:28:09] Browse page (POST /admin/catalog_menu.edit.php?intParentID=6&type=country&intMenuID=44)
[220112 13:28:09] Browse page (GET /admin/catalog_menu.edit.php?intParentID=6&type=country&intMenuID=44&intMenuID=51)
[220112 13:28:10] Browse page (POST /admin/catalog_menu.edit.php?intParentID=6&type=country&intMenuID=45)
[220112 13:28:10] Browse page (GET /admin/catalog_menu.edit.php?intParentID=6&type=country&intMenuID=45&intMenuID=52)
[220112 13:28:12] Browse page (POST /admin/catalog_menu.edit.php?intParentID=6&type=country&intMenuID=46)
[220112 13:28:12] Browse page (GET /admin/catalog_menu.edit.php?intParentID=6&type=country&intMenuID=46&intMenuID=53)
[220112 13:28:14] Browse page (POST /admin/catalog_menu.edit.php?intParentID=6&type=country&intMenuID=49)
[220112 13:28:14] Browse page (GET /admin/catalog_menu.edit.php?intParentID=6&type=country&intMenuID=49&intMenuID=54)
[220112 13:28:27] Browse page (GET /admin/countries_catalog.php)
[220112 13:28:29] Browse page (GET /admin/catalog_menu.php?intCountryID=6)
[220112 13:28:30] Browse page (GET /admin/catalog_menu.php?intCountryID=6&event=Delete&intMenuID=54)
[220112 13:28:31] Browse page (GET /admin/catalog_menu.php?intCountryID=6)
[220112 13:28:32] Browse page (GET /admin/catalog_menu.php?intCountryID=6&event=Delete&intMenuID=53)
[220112 13:28:32] Browse page (GET /admin/catalog_menu.php?intCountryID=6)
[220112 13:28:33] Browse page (GET /admin/catalog_menu.php?intCountryID=6&event=Delete&intMenuID=52)
[220112 13:28:33] Browse page (GET /admin/catalog_menu.php?intCountryID=6)
[220112 13:28:36] Browse page (GET /admin/catalog_menu.php?intCountryID=6&event=Delete&intMenuID=51)
[220112 13:28:36] Browse page (GET /admin/catalog_menu.php?intCountryID=6)
[220112 13:28:37] Browse page (GET /admin/catalog_menu.php?intCountryID=6&event=Delete&intMenuID=50)
[220112 13:28:37] Browse page (GET /admin/catalog_menu.php?intCountryID=6)
[220112 13:28:47] Browse page (GET /admin/catalog_menu.php?intCountryID=6)
[220112 13:28:51] Browse page (GET /admin/catalog_menu.edit.php?intParentID=6&type=country&intMenuID=49)
[220112 13:28:53] Browse page (POST /admin/catalog_menu.edit.php?intParentID=6&type=country&intMenuID=49)
[220112 13:28:53] Browse page (GET /admin/catalog_menu.edit.php?intParentID=6&type=country&intMenuID=49&intMenuID=55)
[220112 13:28:54] Browse page (GET /admin/catalog_menu.php?intCountryID=0)
[220112 13:28:56] Browse page (GET /admin/countries_catalog.php)
[220112 13:28:57] Browse page (GET /admin/catalog_menu.php?intCountryID=6)
[220112 13:35:09] Browse page (POST /admin/catalog_menu.edit.php?intParentID=6&type=country&intMenuID=49&intMenuID=54)
[220112 13:35:09] Browse page (GET /admin/index.php)
[220112 13:35:12] Browse page (GET /admin/countries_catalog.php)
[220112 13:35:14] Browse page (GET /admin/catalog_menu.php?intCountryID=6)
[220112 13:35:39] Browse page (GET /admin/catalog_menu.php?intCountryID=6)
[220112 13:35:40] Browse page (GET /admin/catalog_menu.edit.php?intParentID=6&type=country)
[220112 13:35:47] Browse page (POST /admin/catalog_menu.edit.php?intParentID=6&type=country)
[220112 13:35:47] Browse page (GET /admin/catalog_menu.edit.php?intParentID=6&type=country&intMenuID=56)
[220112 13:35:49] Browse page (GET /admin/catalog_menu.php?intCountryID=6)
[220112 13:35:59] Browse page (GET /admin/catalog_menu.php?intCountryID=6)
[220112 13:36:01] Browse page (GET /admin/catalog_menu.edit.php?intParentID=6&type=country&intMenuID=56)
[220112 13:36:03] Browse page (POST /admin/catalog_menu.edit.php?intParentID=6&type=country&intMenuID=56)
[220112 13:36:03] Browse page (GET /admin/catalog_menu.edit.php?intParentID=6&type=country&intMenuID=56&intMenuID=57)
[220112 13:36:04] Browse page (GET /admin/catalog_menu.php?intCountryID=6)
[220112 13:36:21] Browse page (GET /admin/catalog_menu.php?intCountryID=6)
[220112 13:36:23] Browse page (GET /admin/catalog_menu.php?intCountryID=6&event=Delete&intMenuID=57)
[220112 13:36:23] Browse page (GET /admin/catalog_menu.php?intCountryID=6)
[220112 13:36:24] Browse page (GET /admin/catalog_menu.edit.php?intParentID=6&type=country&intMenuID=56)
[220112 13:36:25] Browse page (POST /admin/catalog_menu.edit.php?intParentID=6&type=country&intMenuID=56)
[220112 13:36:25] Browse page (GET /admin/catalog_menu.edit.php?intParentID=6&type=country&intMenuID=56&intMenuID=56)
[220112 13:36:26] Browse page (GET /admin/catalog_menu.php?intCountryID=6)
[220112 13:36:28] Browse page (GET /admin/catalog_menu.edit.php?intParentID=6&type=country&intMenuID=56)
[220112 13:36:31] Browse page (POST /admin/catalog_menu.edit.php?intParentID=6&type=country&intMenuID=56)
[220112 13:36:31] Browse page (GET /admin/catalog_menu.edit.php?intParentID=6&type=country&intMenuID=56&intMenuID=56)
[220112 13:36:56] Browse page (POST /admin/catalog_menu.edit.php?intParentID=6&type=country&intMenuID=56&intMenuID=56)
[220112 13:36:56] Browse page (GET /admin/catalog_menu.edit.php?intParentID=6&type=country&intMenuID=56&intMenuID=56&intMenuID=56)
[220112 13:37:49] Browse page (GET /admin/catalog_menu.php?intCountryID=6)
[220112 13:37:50] Browse page (GET /admin/catalog_menu.edit.php?intParentID=6&type=country&intMenuID=56)
[220112 13:38:35] Browse page (GET /admin/catalog_menu.edit.php?intParentID=6&type=country&intMenuID=56)
[220112 13:38:38] Browse page (POST /admin/catalog_menu.edit.php?intParentID=6&type=country&intMenuID=56)
[220112 13:38:38] Browse page (GET /admin/catalog_menu.edit.php?intParentID=41&type=country&intMenuID=56)
[220112 13:38:46] Browse page (GET /admin/catalog_menu.edit.php?intParentID=41&type=country&intMenuID=56)
[220112 13:38:48] Browse page (GET /admin/catalog_menu.edit.php?intParentID=6&type=country&intMenuID=56)
[220112 13:38:49] Browse page (POST /admin/catalog_menu.edit.php?intParentID=6&type=country&intMenuID=56)
[220112 13:38:49] Browse page (GET /admin/catalog_menu.edit.php?intParentID=0&type=country&intMenuID=56)
[220112 13:38:56] Browse page (GET /admin/catalog_menu.edit.php?intParentID=0&type=country&intMenuID=56)
[220112 13:38:57] Browse page (GET /admin/catalog_menu.edit.php?intParentID=6&type=country&intMenuID=56)
[220112 13:38:59] Browse page (POST /admin/catalog_menu.edit.php?intParentID=6&type=country&intMenuID=56)
[220112 13:38:59] Browse page (GET /admin/catalog_menu.edit.php?intParentID=6&type=country&intMenuID=56)
[220112 13:39:02] Browse page (GET /admin/catalog_menu.php?intCountryID=6)
[220112 13:39:18] Browse page (GET /admin/catalog_menu.php?intCountryID=6)
[220112 13:39:20] Browse page (GET /admin/countries_catalog.php)
[220112 13:39:44] Browse page (GET /admin/catalog_menu.php?intCountryID=6)
[220112 13:39:55] Browse page (POST /admin/catalog_menu.php?intCountryID=6&event=saveorder&flagSubmenu=false)
[220112 13:39:55] Browse page (GET /admin/catalog_menu.php?intCountryID=6)
[220112 13:40:17] Browse page (GET /admin/resorts_catalog.php)
[220112 13:40:18] Browse page (GET /admin/resorts_catalog.edit.php?intResortID=4)
[220112 13:40:22] Browse page (GET /admin/resorts_catalog.php)
[220112 13:40:36] Browse page (GET /admin/resorts_catalog.edit.php?intResortID=4)
[220112 13:40:51] Browse page (GET /admin/resorts_catalog.php)
[220112 13:40:54] Browse page (GET /admin/resorts_catalog.edit.php)
[220112 13:41:21] Browse page (POST /admin/resorts_catalog.edit.php)
[220112 13:41:21] Browse page (GET /admin/resorts_catalog.edit.php?intResortID=5)
[220112 13:41:29] Browse page (GET /admin/resorts_catalog.php)
[220112 13:41:32] Browse page (GET /admin/resorts_catalog.edit.php?intResortID=4)
[220112 13:41:34] Browse page (GET /admin/resorts_catalog.php)
[220112 13:41:36] Browse page (GET /admin/resorts_catalog.edit.php?intResortID=5)
[220112 13:41:39] Browse page (POST /admin/resorts_catalog.edit.php)
[220112 13:41:39] Browse page (GET /admin/resorts_catalog.edit.php?intResortID=5)
[220112 13:45:04] Browse page (GET /admin/resorts_catalog.edit.php?intResortID=5)
[220112 13:45:35] Browse page (GET /admin/resorts_catalog.edit.php?intResortID=5)
[220112 13:46:18] Browse page (GET /admin/resorts_catalog.edit.php?intResortID=5)
[220112 13:46:21] Browse page (GET /admin/resorts_catalog.edit.php?intResortID=5)
[220112 13:47:35] Browse page (GET /admin/resorts_catalog.edit.php?intResortID=5)
[220112 13:47:58] Browse page (GET /admin/resorts_catalog.edit.php?intResortID=5)
[220112 13:48:16] Browse page (GET /admin/resorts_catalog.edit.php?intResortID=5)
[220112 13:48:24] Browse page (GET /admin/resorts_catalog.edit.php?intResortID=5)
[220112 13:48:27] Browse page (GET /admin/resorts_catalog.edit.php?intResortID=5)
[220112 13:48:28] Browse page (GET /admin/resorts_catalog.edit.php?intResortID=5)
[220112 13:48:28] Browse page (GET /admin/resorts_catalog.edit.php?intResortID=5)
[220112 13:48:41] Browse page (GET /admin/resorts_catalog.edit.php?intResortID=5)
[220112 13:50:05] Browse page (GET /admin/resorts_catalog.edit.php?intResortID=5)
[220112 13:50:12] Browse page (GET /admin/resorts_catalog.edit.php?intResortID=5)
[220112 13:50:16] Browse page (POST /admin/resorts_catalog.edit.php)
[220112 13:50:16] Browse page (GET /admin/resorts_catalog.edit.php?intResortID=5)
[220112 13:50:55] Browse page (GET /admin/regions_catalog.php)
[220112 13:50:56] Browse page (GET /admin/regions_catalog.php)
[220112 13:51:16] Browse page (GET /admin/regions_catalog.php)
[220112 13:51:19] Browse page (GET /admin/resorts_catalog.php)
[220112 13:51:21] Browse page (GET /admin/resorts_catalog.edit.php?intResortID=4)
[220112 13:51:30] Browse page (POST /admin/resorts_catalog.edit.php)
[220112 13:51:30] Browse page (GET /admin/resorts_catalog.edit.php?intResortID=4)
[220112 13:51:31] Browse page (GET /admin/resorts_catalog.edit.php?intResortID=4)
[220112 13:59:35] Browse page (GET /admin/countries_catalog.php)
[220112 13:59:36] Browse page (GET /admin/resorts_catalog.php)
[220112 13:59:51] Browse page (GET /admin/resorts_catalog.php)
[220112 14:01:52] Browse page (GET /admin/countries_catalog.php)
[220112 14:01:54] Browse page (GET /admin/countries_catalog.edit.php?intCountryID=6)
[220112 14:01:59] Browse page (POST /admin/countries_catalog.edit.php)
[220112 14:01:59] Browse page (GET /admin/countries_catalog.edit.php?intCountryID=6)
[220112 14:02:07] Browse page (POST /admin/countries_catalog.edit.php)
[220112 14:02:07] Browse page (GET /admin/countries_catalog.edit.php?intCountryID=6)
[220112 14:03:47] Browse page (POST /admin/countries_catalog.edit.php)
[220112 14:03:47] Browse page (GET /admin/countries_catalog.edit.php?intCountryID=6)
[220112 14:04:10] Browse page (POST /admin/countries_catalog.edit.php)
[220112 14:04:10] Browse page (GET /admin/countries_catalog.edit.php?intCountryID=6)
[220112 14:14:35] Browse page (GET /admin/countries_catalog.edit.php?intCountryID=6)
[220112 15:32:11] Browse page (GET /admin/)
[220112 15:32:15] Browse page (GET /admin/countries_catalog.php)
[220112 15:32:16] Browse page (GET /admin/resorts_catalog.php)
[220112 15:32:20] Browse page (GET /admin/resorts_catalog.edit.php?intResortID=4)
[220112 15:32:24] Browse page (POST /admin/resorts_catalog.edit.php)
[220112 15:32:24] Browse page (GET /admin/resorts_catalog.edit.php?intResortID=4)
[220112 15:38:08] Browse page (GET /admin/hotels_catalog.php)
[220112 15:38:09] Browse page (GET /admin/hotels_catalog.edit.php?intHotelID=5)
[220112 15:41:37] Browse page (GET /admin/hotels_catalog.edit.php?intHotelID=5)
[220112 15:42:03] Browse page (GET /admin/hotels_catalog.edit.php?intHotelID=5)
[220112 15:42:21] Browse page (GET /admin/hotels_catalog.edit.php?intHotelID=5)
[220112 15:43:56] Browse page (POST /admin/hotels_catalog.edit.php)
[220112 15:43:56] Browse page (GET /admin/hotels_catalog.edit.php?intHotelID=5)
[220112 15:47:45] Browse page (GET /admin/messages.php)
[220112 15:47:49] Browse page (GET /admin/messages.edit.php?intMessageID=8)
[220112 15:47:54] Browse page (GET /admin/messages.php)
[220112 15:47:55] Browse page (GET /admin/messages.edit.php?event=send&intMessageID=8)
[220112 15:47:56] Browse page (GET /admin/messages.php)
[220112 15:48:03] Browse page (GET /admin/subscribes.php)
[220112 15:48:08] Browse page (GET /admin/generalgallery.php)
[220112 15:48:17] Browse page (GET /admin/placetypes.php)
[220112 15:48:19] Browse page (GET /admin/foodtypes.php)
[220112 15:49:22] Browse page (GET /admin/hoteltypes.php)
[220112 15:58:29] Browse page (GET /admin/hoteltypes.php)
[220112 15:59:34] Browse page (GET /admin/hoteltypes.php)
[220112 15:59:39] Browse page (GET /admin/hoteltypes.php)
[220112 15:59:46] Browse page (GET /admin/admins.php)
[220112 15:59:48] Browse page (GET /admin/admins.edit.php?intAdminID=4)
[220112 15:59:50] Browse page (GET /admin/admins.php)
[220112 16:00:36] Browse page (GET /admin/hoteltypes.php)
[220112 16:01:08] Browse page (GET /admin/staffs_type.php)
[220112 16:01:12] Browse page (GET /admin/roles.php)
[220112 16:01:15] Browse page (GET /admin/staffs.php)
[220112 16:01:17] Browse page (GET /admin/staffs.edit.php?intStaffID=1)
[220112 16:01:23] Browse page (GET /admin/staffs_type.php)
[220112 16:01:25] Browse page (GET /admin/staffs_type.edit.php?intTypeID=1)
[220112 16:01:27] Browse page (GET /admin/staffs_type.php)
[220112 16:01:28] Browse page (GET /admin/admins.php)
[220112 16:01:30] Browse page (GET /admin/users.php)
[220112 16:01:32] Browse page (GET /admin/users.edit.php?intUserID=1)
[220112 16:01:35] Browse page (GET /admin/roles.php)
[220112 16:01:52] Browse page (GET /admin/hoteltypes.php)
[220112 16:02:31] Browse page (GET /admin/hoteltypes.php)
[220112 16:02:31] Browse page (GET /admin/hoteltypes.php)
[220112 16:02:32] Browse page (GET /admin/hoteltypes.php)
[220112 16:03:53] Browse page (GET /admin/hoteltypes.php)
[220112 16:03:54] Browse page (GET /admin/hoteltypes.php)
[220112 16:03:56] Browse page (GET /admin/foodtypes.php)
[220112 16:03:57] Browse page (GET /admin/hoteltypes.php)
[220112 16:05:30] Browse page (GET /admin/users.php)
[220112 16:05:32] Browse page (GET /admin/roles.php)
[220112 16:05:33] Browse page (GET /admin/roles.edit.php?intRoleID=2)
[220112 16:05:35] Browse page (GET /admin/roles.php)
[220112 16:05:38] Browse page (GET /admin/roles.edit.php?intRoleID=2)
[220112 16:06:16] Browse page (GET /admin/roles.php)
[220112 16:06:17] Browse page (GET /admin/roles.edit.php?intRoleID=6)
[220112 16:08:37] Browse page (GET /admin/roles.edit.php?intRoleID=6)
[220112 16:08:42] Browse page (GET /admin/hoteltypes.php)
[220112 16:08:43] Browse page (GET /admin/roles.edit.php?intRoleID=6)
[220112 16:08:48] Browse page (GET /admin/roles.php)
[220112 16:08:52] Browse page (GET /admin/roles.edit.php?intRoleID=2)
[220112 16:08:54] Browse page (GET /admin/roles.edit.php?intRoleID=1)
[220112 16:08:55] Browse page (GET /admin/roles.php)
[220112 16:09:06] Browse page (GET /admin/roles.php)
[220112 16:09:07] Browse page (GET /admin/roles.edit.php?intRoleID=2)
[220112 16:09:09] Browse page (GET /admin/roles.edit.php?intRoleID=1)
[220112 16:09:14] Browse page (POST /admin/roles.edit.php)
[220112 16:09:14] Browse page (GET /admin/roles.edit.php?intRoleID=1)
[220112 16:09:19] Browse page (GET /admin/hoteltypes.php)
[220112 16:09:20] Browse page (GET /admin/hoteltypes.php)
[220112 16:09:21] Browse page (GET /admin/hoteltypes.php)
[220112 16:09:26] Browse page (GET /admin/roles.php)
[220112 16:09:28] Browse page (GET /admin/roles.edit.php?intRoleID=2)
[220112 16:09:31] Browse page (GET /admin/roles.php)
[220112 16:09:32] Browse page (GET /admin/roles.edit.php?intRoleID=5)
[220112 16:09:35] Browse page (GET /admin/roles.php)
[220112 16:09:41] Browse page (GET /admin/staffs.php)
[220112 16:09:44] Browse page (GET /admin/roles.php)
[220112 16:09:50] Browse page (GET /admin/roles.php)
[220112 16:09:51] Browse page (GET /admin/roles.edit.php?intRoleID=2)
[220112 16:09:52] Browse page (GET /admin/roles.edit.php?intRoleID=1)
[220112 16:09:58] Browse page (GET /admin/hoteltypes.php)
[220112 16:10:16] Browse page (GET /admin/?event=logout)
[220112 16:10:16] Logout done (GET /admin/?event=logout)
[220112 16:10:22] Browse page (GET /admin/)
[220112 16:10:26] Browse page (GET /admin/hoteltypes.php)
[220112 16:10:37] Browse page (GET /admin/hoteltypes.php)
[220112 16:10:49] Browse page (POST /admin/foodtypes.php)
[220112 16:10:49] Browse page (GET /admin/foodtypes.php)
[220112 16:11:22] Browse page (GET /admin/hotels_types.php)
[220112 16:11:39] Browse page (GET /admin/hotels_types.php)
[220112 16:11:40] Browse page (GET /admin/foodtypes.php)
[220112 16:11:42] Browse page (GET /admin/hoteltypes.php)
[220112 16:11:43] Browse page (GET /admin/foodtypes.php)
[220112 16:11:45] Browse page (GET /admin/foodtypes.php?intFoodTypeID=5&event=delete)
[220112 16:11:45] Browse page (GET /admin/foodtypes.php)
[220112 16:11:56] Browse page (GET /admin/foodtypes.php)
[220112 16:11:57] Browse page (GET /admin/hoteltypes.php)
[220112 16:12:03] Browse page (POST /admin/hoteltypes.php)
[220112 16:12:03] Browse page (GET /admin/foodtypes.php)
[220112 16:12:05] Browse page (GET /admin/hoteltypes.php)
[220112 16:12:54] Browse page (GET /admin/hoteltypes.php)
[220112 16:12:55] Browse page (GET /admin/hoteltypes.php)
[220112 16:13:07] Browse page (GET /admin/foodtypes.php?intFoodTypeID=3&event=delete)
[220112 16:13:07] Browse page (GET /admin/foodtypes.php)
[220112 16:13:10] Browse page (GET /admin/hoteltypes.php)
[220112 16:13:28] Browse page (GET /admin/hoteltypes.php)
[220112 16:13:30] Browse page (GET /admin/hoteltypes.php?intHotelTypeID=&event=delete)
[220112 16:13:30] Browse page (GET /admin/hoteltypes.php)
[220112 16:13:36] Browse page (GET /admin/hoteltypes.php)
[220112 16:13:44] Browse page (GET /admin/hoteltypes.php)
[220112 16:14:04] Browse page (GET /admin/hoteltypes.php)
[220112 16:14:05] Browse page (GET /admin/hoteltypes.php)
[220112 16:14:06] Browse page (GET /admin/hoteltypes.php)
[220112 16:14:08] Browse page (POST /admin/hoteltypes.php)
[220112 16:14:09] Browse page (GET /admin/foodtypes.php)
[220112 16:14:18] Browse page (GET /admin/hoteltypes.php)
[220112 16:14:20] Browse page (GET /admin/foodtypes.php)
[220112 16:14:21] Browse page (GET /admin/hoteltypes.php)
[220112 16:16:32] Browse page (GET /admin/hoteltypes.php)
[220112 16:16:32] Browse page (GET /admin/hoteltypes.php)
[220112 16:16:33] Browse page (GET /admin/hoteltypes.php)
[220112 16:16:33] Browse page (GET /admin/hoteltypes.php)
[220112 16:17:30] Browse page (GET /admin/hoteltypes.php)
[220112 16:17:35] Browse page (GET /admin/hoteltypes.php?intHotelTypeID=3&event=delete)
[220112 16:17:35] Browse page (GET /admin/hoteltypes.php)
[220112 16:17:37] Browse page (GET /admin/hoteltypes.php?intHotelTypeID=4&event=delete)
[220112 16:17:37] Browse page (GET /admin/hoteltypes.php)
[220112 16:17:39] Browse page (GET /admin/hoteltypes.php?intHotelTypeID=5&event=delete)
[220112 16:17:39] Browse page (GET /admin/hoteltypes.php)
[220112 16:17:47] Browse page (POST /admin/hoteltypes.php)
[220112 16:17:47] Browse page (GET /admin/foodtypes.php)
[220112 16:17:54] Browse page (POST /admin/foodtypes.php)
[220112 16:17:54] Browse page (GET /admin/foodtypes.php)
[220112 16:18:00] Browse page (POST /admin/foodtypes.php)
[220112 16:18:00] Browse page (GET /admin/foodtypes.php)
[220112 16:18:02] Browse page (GET /admin/hoteltypes.php)
[220112 16:18:03] Browse page (GET /admin/foodtypes.php)
[220112 16:18:07] Browse page (GET /admin/hoteltypes.php)
[220112 16:18:12] Browse page (POST /admin/hoteltypes.php)
[220112 16:18:12] Browse page (GET /admin/foodtypes.php)
[220112 16:18:23] Browse page (GET /admin/hoteltypes.php)
[220112 16:18:23] Browse page (GET /admin/hoteltypes.php)
[220112 16:18:25] Browse page (GET /admin/foodtypes.php)
[220112 16:18:27] Browse page (GET /admin/foodtypes.php?intFoodTypeID=6&event=delete)
[220112 16:18:27] Browse page (GET /admin/foodtypes.php)
[220112 16:18:28] Browse page (GET /admin/foodtypes.php?intFoodTypeID=7&event=delete)
[220112 16:18:28] Browse page (GET /admin/foodtypes.php)
[220112 16:18:29] Browse page (GET /admin/hoteltypes.php)
[220112 16:18:34] Browse page (POST /admin/hoteltypes.php)
[220112 16:18:34] Browse page (GET /admin/hoteltypes.php)
[220112 16:18:37] Browse page (GET /admin/hotels_catalog.php)
[220112 16:18:40] Browse page (GET /admin/hotels_catalog.edit.php?intHotelID=5)
[220112 16:22:19] Browse page (GET /admin/hotels_catalog.edit.php?intHotelID=5)
[220112 16:22:27] Browse page (POST /admin/hotels_catalog.edit.php)
[220112 16:22:27] Browse page (GET /admin/hotels_catalog.edit.php?intHotelID=5)
[220112 16:23:00] Browse page (POST /admin/hotels_catalog.edit.php)
[220112 16:23:00] Browse page (GET /admin/hotels_catalog.edit.php?intHotelID=5)
[220112 16:23:04] Browse page (POST /admin/hotels_catalog.edit.php)
[220112 16:23:04] Browse page (GET /admin/hotels_catalog.edit.php?intHotelID=5)
[220112 16:23:23] Browse page (POST /admin/hotels_catalog.edit.php)
[220112 16:23:24] Browse page (GET /admin/hotels_catalog.edit.php?intHotelID=5)
[220112 16:23:28] Browse page (POST /admin/hotels_catalog.edit.php)
[220112 16:23:28] Browse page (GET /admin/hotels_catalog.edit.php?intHotelID=5)
[220112 16:23:55] Browse page (GET /admin/hotels_catalog.edit.php?intHotelID=5)
[220112 16:24:02] Browse page (POST /admin/hotels_catalog.edit.php)
[220112 16:24:02] Browse page (GET /admin/hotels_catalog.edit.php?intHotelID=5)
[220112 16:40:10] Browse page (GET /admin/tours.php)
[220112 16:40:13] Browse page (GET /admin/tours.php?intTourID=2&event=delete)
[220112 16:40:14] Browse page (GET /admin/tours.php)
[220112 16:40:17] Browse page (GET /admin/tours.php?intTourID=1&event=delete)
[220112 16:40:17] Browse page (GET /admin/tours.php)
[220112 16:40:19] Browse page (GET /admin/tours.php?intTourID=3&event=delete)
[220112 16:40:19] Browse page (GET /admin/tours.php)
[220112 16:40:20] Browse page (GET /admin/tours.edit.php)
[220112 16:40:22] Browse page (GET /admin/tours.php)
[220112 16:40:38] Browse page (GET /admin/tours.php)
[220112 16:40:40] Browse page (GET /admin/tours.edit.php)
[220112 16:41:27] Browse page (POST /admin/tours.edit.php)
[220112 16:41:27] Browse page (GET /admin/tours.edit.php?intTourID=4)
[220112 16:43:45] Browse page (GET /admin/tours.edit.php?intTourID=4)
[220112 16:47:02] Browse page (GET /admin/hoteltypes.php)
[220112 16:47:05] Browse page (GET /admin/hotels_catalog.php)
[220112 16:47:06] Browse page (GET /admin/hotels_catalog.edit.php?intHotelID=5)
[220112 16:48:23] Browse page (GET /admin/tours.edit.php?intTourID=4)
[220112 16:48:28] Browse page (GET /admin/hotels_catalog.edit.php?intHotelID=5)
[220112 16:50:05] Browse page (GET /admin/hotels_catalog.edit.php?intHotelID=5)
[220112 16:50:06] Browse page (GET /admin/hotels_catalog.edit.php?intHotelID=5)
[220112 16:50:06] Browse page (GET /admin/hotels_catalog.edit.php?intHotelID=5)
[220112 16:50:18] Browse page (GET /admin/hotels_catalog.edit.php?intHotelID=5)
[220112 16:51:07] Browse page (GET /admin/hotels_catalog.edit.php?intHotelID=5)
[220112 16:51:10] Browse page (POST /admin/hotels_catalog.edit.php)
[220112 16:51:10] Browse page (GET /admin/hotels_catalog.edit.php?intHotelID=5)
[220112 16:51:40] Browse page (POST /admin/hotels_catalog.edit.php)
[220112 16:51:40] Browse page (GET /admin/hotels_catalog.edit.php?intHotelID=5)
[220112 16:52:14] Browse page (POST /admin/hotels_catalog.edit.php)
[220112 16:52:14] Browse page (GET /admin/hotels_catalog.edit.php?intHotelID=5)
[220112 18:13:07] Browse page (GET /admin/tourtypes.php)
[220112 18:13:11] Browse page (GET /admin/applications.php)
[220112 18:28:42] Browse page (GET /admin/foodtypes.php)
[220112 18:28:44] Browse page (GET /admin/foodtypes.php?intFoodTypeID=4&event=delete)
[220112 18:28:44] Browse page (GET /admin/foodtypes.php)
[220112 18:28:56] Browse page (POST /admin/foodtypes.php)
[220112 18:28:56] Browse page (GET /admin/foodtypes.php)
[220112 18:29:02] Browse page (POST /admin/foodtypes.php)
[220112 18:29:02] Browse page (GET /admin/foodtypes.php)
[220112 18:29:06] Browse page (GET /admin/tours.php)
[220112 18:29:08] Browse page (GET /admin/tours.edit.php?intTourID=4)
[220112 18:29:14] Browse page (POST /admin/tours.edit.php)
[220112 18:29:14] Browse page (GET /admin/tours.edit.php?intTourID=4)
[220112 18:32:19] Browse page (GET /admin/hoteltypes.php)
[220112 18:32:23] Browse page (GET /admin/placetypes.php)
[220112 18:32:34] Browse page (GET /admin/placetypes.php?intPlaceTypeID=5&event=delete)
[220112 18:32:34] Browse page (GET /admin/placetypes.php)
[220112 18:32:36] Browse page (GET /admin/placetypes.php?intPlaceTypeID=6&event=delete)
[220112 18:32:36] Browse page (GET /admin/placetypes.php)
[220112 18:32:38] Browse page (POST /admin/placetypes.php)
[220112 18:32:38] Browse page (GET /admin/placetypes.php)
[220112 18:32:49] Browse page (POST /admin/placetypes.php)
[220112 18:32:49] Browse page (GET /admin/placetypes.php)
[220112 18:32:51] Browse page (GET /admin/hotels_catalog.php)
[220112 18:32:52] Browse page (GET /admin/hotels_catalog.edit.php?intHotelID=5)
[220112 18:32:54] Browse page (POST /admin/hotels_catalog.edit.php)
[220112 18:32:54] Browse page (GET /admin/hotels_catalog.edit.php?intHotelID=5)
[220112 18:33:41] Browse page (GET /admin/placetypes.php)
[220112 18:33:45] Browse page (GET /admin/hotels_catalog.php)
[220112 18:33:47] Browse page (GET /admin/hotels_catalog.edit.php?intHotelID=5)
[220112 18:33:51] Browse page (GET /admin/tours.php)
[220112 18:33:53] Browse page (GET /admin/tours.edit.php?intTourID=4)
[220112 18:37:16] Browse page (POST /admin/tours.edit.php)
[220112 18:37:16] Browse page (GET /admin/tours.edit.php?intTourID=4)
[220112 18:41:06] Browse page (GET /admin/tours.edit.php?intTourID=4)
[220112 19:04:43] Browse page (GET /admin/resorts_catalog.php)
[220112 19:27:19] Browse page (GET /admin/foodtypes.php)
[220112 19:27:22] Browse page (GET /admin/hoteltypes.php)
[220112 19:28:57] Browse page (GET /admin/countries_catalog.php)
[220112 19:29:00] Browse page (GET /admin/modulespages.php)
[220112 19:29:02] Browse page (GET /admin/modulespages.edit.php?intModulePageID=27)
[220112 19:29:08] Browse page (GET /admin/pages.php)
[220112 19:29:11] Browse page (GET /admin/modulespages.php)
[220112 19:29:12] Browse page (GET /admin/pages.php)
[220112 19:29:16] Browse page (GET /admin/pages.edit.php?intPageID=2)
[220112 19:29:18] Browse page (GET /admin/pages.php)
[220112 19:29:23] Browse page (GET /admin/pages.edit.php)
[220112 19:29:48] Browse page (POST /admin/pages.edit.php)
[220112 19:29:48] Browse page (GET /admin/pages.edit.php?intPageID=4)
[220112 19:30:03] Browse page (GET /admin/countries_catalog.php)
[220112 19:30:04] Browse page (GET /admin/catalog_menu.php?intCountryID=6)
[220112 19:30:06] Browse page (GET /admin/countries_catalog.php)
[220112 19:30:10] Browse page (GET /admin/catalog_menu.php?intCountryID=6)
[220112 19:30:14] Browse page (GET /admin/resorts_catalog.php)
[220112 19:30:17] Browse page (GET /admin/countries_catalog.php)
[220112 19:30:19] Browse page (GET /admin/countries_catalog.edit.php?intCountryID=6)
[220112 19:30:21] Browse page (GET /admin/countries_catalog.php)
[220112 19:30:22] Browse page (GET /admin/catalog_menu.php?intCountryID=6)
[220112 19:30:25] Browse page (GET /admin/countries_catalog.php)
[220112 19:30:28] Browse page (GET /admin/roles.php)
[220112 19:30:32] Browse page (GET /admin/?event=logout)
[220112 19:30:32] Logout done (GET /admin/?event=logout)
[220112 19:30:33] Browse page (GET /admin/)
[220112 19:30:35] Browse page (GET /admin/countries_catalog.php)
[220112 19:30:36] Browse page (GET /admin/catalog_menu.php?intCountryID=6)
[220112 19:30:49] Browse page (GET /admin/roles.php)
[220112 19:30:51] Browse page (GET /admin/applications.php)
[220112 19:30:55] Browse page (GET /admin/roles.php)
[220112 19:31:00] Browse page (GET /admin/users.php)
[220112 19:31:01] Browse page (GET /admin/admins.php)
[220112 19:31:09] Browse page (GET /admin/staffs.php)
[220112 19:31:11] Browse page (GET /admin/staffs_type.php)
[220112 19:32:29] Browse page (GET /admin/countries_catalog.php)
[220112 19:32:41] Browse page (GET /admin/countries_catalog.php)
[220112 19:32:50] Browse page (GET /admin/countries_catalog.php)
[220112 19:33:18] Browse page (GET /admin/countries_catalog.php)
[220112 19:33:20] Browse page (GET /admin/countries_catalog.php)
[220112 19:33:40] Browse page (GET /admin/countries_catalog.php)
[220112 19:33:52] Browse page (GET /admin/countries_catalog.php)
[220112 19:33:56] Browse page (GET /admin/catalog_menu.php?intCountryID=6)
[220112 19:34:03] Browse page (GET /admin/catalog_menu.php?intCountryID=6)
[220112 19:34:46] Browse page (GET /admin/catalog_menu.php?intCountryID=6)
[220112 19:35:16] Browse page (GET /admin/roles.php)
[220112 19:35:18] Browse page (GET /admin/roles.edit.php?intRoleID=2)
[220112 19:35:20] Browse page (GET /admin/roles.edit.php?intRoleID=1)
[220112 19:35:30] Browse page (POST /admin/roles.edit.php)
[220112 19:35:30] Browse page (GET /admin/roles.edit.php?intRoleID=1)
[220112 19:35:36] Browse page (GET /admin/roles.edit.php?intRoleID=1)
[220112 19:35:40] Browse page (GET /admin/roles.edit.php?intRoleID=1)
[220112 19:35:46] Browse page (GET /admin/roles.php)
[220112 19:36:42] Browse page (GET /admin/roles.php)
[220112 19:36:42] Browse page (GET /admin/roles.php)
[220112 19:36:46] Browse page (GET /admin/roles.php)
[220112 19:36:58] Browse page (GET /admin/roles.php)
[220112 19:37:22] Browse page (GET /admin/roles.php)
[220112 19:37:27] Browse page (GET /admin/roles.php)
[220112 19:37:34] Browse page (GET /admin/roles.php)
